[+] Containers:
 |- [+] Container: /Game/ThirdPerson/Maps/ThirdPersonMap
 |   |- [+] ActorDescs:
 |   |   |- Guid:069E191642A1095304A915893A996D33 BaseClass: NativeClass:/Script/Engine.StaticMeshActor Name:StaticMeshActor_UAID_244BFE5C2532326701_1201077745 Label:Cylinder22 SpatiallyLoaded:1 Bounds:IsValid=true, Min=(X=686.024 Y=1793.457 Z=154.689), Max=(X=862.570 Y=1807.118 Z=168.350) RuntimeGrid:None EditorOnly:0 RuntimeOnly:0 HLODRelevant:1
 |   |   |- Guid:0AF5FF904077BEF420681FA9D12AD789 BaseClass: NativeClass:/Script/Engine.StaticMeshActor Name:StaticMeshActor_UAID_244BFE5C2532326701_1172948740 Label:Cylinder17 SpatiallyLoaded:1 Bounds:IsValid=true, Min=(X=1555.955 Y=1793.457 Z=154.689), Max=(X=1732.501 Y=1807.118 Z=168.350) RuntimeGrid:None EditorOnly:0 RuntimeOnly:0 HLODRelevant:1
 |   |   |- Guid:0C680C0D46F32E51687ADEB2FA0A0ACA BaseClass: NativeClass:/Script/Engine.StaticMeshActor Name:StaticMeshActor_UAID_244BFE5C2532326701_1148639735 Label:Cylinder12 SpatiallyLoaded:1 Bounds:IsValid=true, Min=(X=2157.333 Y=983.054 Z=150.991), Max=(X=2333.879 Y=999.600 Z=167.537) RuntimeGrid:None EditorOnly:0 RuntimeOnly:0 HLODRelevant:1
 |   |   |- Guid:1346C95B40049564000A609723CA747C BaseClass: NativeClass:/Script/Engine.StaticMeshActor Name:StaticMeshActor_UAID_244BFE5C2532326701_1193824743 Label:Cylinder20 SpatiallyLoaded:1 Bounds:IsValid=true, Min=(X=1034.430 Y=1793.457 Z=154.689), Max=(X=1210.976 Y=1807.118 Z=168.350) RuntimeGrid:None EditorOnly:0 RuntimeOnly:0 HLODRelevant:1
 |   |   |- Guid:142BC0434F16822515CBA1A350BBD153 BaseClass: NativeClass:/Script/Engine.StaticMeshActor Name:StaticMeshActor_UAID_244BFE5C2532326701_1197726744 Label:Cylinder21 SpatiallyLoaded:1 Bounds:IsValid=true, Min=(X=859.869 Y=1793.457 Z=154.689), Max=(X=1036.415 Y=1807.118 Z=168.350) RuntimeGrid:None EditorOnly:0 RuntimeOnly:0 HLODRelevant:1
 |   |   |- Guid:15032B3846135AC6258B08B52AFB2ABF BaseClass: NativeClass:/Script/Engine.StaticMeshActor Name:StaticMeshActor_UAID_244BFE5C2532326701_1215439748 Label:Cylinder25 SpatiallyLoaded:1 Bounds:IsValid=true, Min=(X=161.002 Y=1793.457 Z=154.689), Max=(X=337.548 Y=1807.118 Z=168.350) RuntimeGrid:None EditorOnly:0 RuntimeOnly:0 HLODRelevant:1
 |   |   |- Guid:1512B66C47049568AD1998929E7D0870 BaseClass: NativeClass:/Script/Engine.StaticMeshActor Name:StaticMeshActor_UAID_244BFE5C2532326701_1140694733 Label:Cylinder10 SpatiallyLoaded:1 Bounds:IsValid=true, Min=(X=1809.931 Y=983.054 Z=150.991), Max=(X=1986.477 Y=999.600 Z=167.537) RuntimeGrid:None EditorOnly:0 RuntimeOnly:0 HLODRelevant:1
 |   |   |- Guid:17029C9742EFEB9C6972589C5656112B BaseClass:/Game/Blueprints/CubeBlueprint.CubeBlueprint_C NativeClass:/Script/Engine.Actor Name:CubeBlueprint_C_UAID_B42E9937A9F3296701_1397018172 Label:CubeBlueprint SpatiallyLoaded:1 Bounds:IsValid=true, Min=(X=0.000 Y=0.000 Z=0.000), Max=(X=0.000 Y=0.000 Z=0.000) RuntimeGrid:None EditorOnly:0 RuntimeOnly:0 HLODRelevant:0
 |   |   |- Guid:1A789DC8415097E9856E5DB60740F01D BaseClass: NativeClass:/Script/Engine.StaticMeshActor Name:StaticMeshActor_34 Label:SM_QuarterCylinder13 SpatiallyLoaded:1 Bounds:IsValid=true, Min=(X=2628.740 Y=-44.697 Z=-20.000), Max=(X=2910.506 Y=237.070 Z=230.000) RuntimeGrid:None EditorOnly:0 RuntimeOnly:0 HLODRelevant:1 FolderPath:Cylinder FolderGuid:D075E5BA49330D3EC2503D81A7CF88D1
 |   |   |- Guid:2A92B5A0482578663E869191EA9F9F6A BaseClass: NativeClass:/Script/Engine.StaticMeshActor Name:StaticMeshActor_UAID_B42E9937A9F31F6701_1463886389 Label:SM_Ramp4 SpatiallyLoaded:1 Bounds:IsValid=true, Min=(X=190.000 Y=2520.000 Z=0.000), Max=(X=590.000 Y=2720.000 Z=200.000) RuntimeGrid:None EditorOnly:0 RuntimeOnly:0 HLODRelevant:1 FolderPath:Block01 FolderGuid:7D23E5AE4C2A421F86AF6986D87E6D05
 |   |   |- Guid:2C3AB2704FEB671BFE68C89A2712ECD3 BaseClass: NativeClass:/Script/Engine.StaticMeshActor Name:StaticMeshActor_UAID_B42E9937A9F3296701_1133873170 Label:SM_Cube13 SpatiallyLoaded:1 Bounds:IsValid=true, Min=(X=1290.000 Y=990.000 Z=-40.000), Max=(X=2965.000 Y=993.150 Z=160.000) RuntimeGrid:None EditorOnly:0 RuntimeOnly:0 HLODRelevant:1 FolderPath:Playground FolderGuid:C73F09FC4215536B1DCE2A9E0A830C70
 |   |   |- Guid:2FB58999456391D349DC0F86DAC136ED BaseClass: NativeClass:/Script/Engine.SkyLight Name:SkyLight_1 Label:SkyLight SpatiallyLoaded:0 Bounds:IsValid=true, Min=(X=0.000 Y=0.000 Z=690.000), Max=(X=0.000 Y=0.000 Z=690.000) RuntimeGrid:None EditorOnly:0 RuntimeOnly:0 HLODRelevant:0 FolderPath:Lighting FolderGuid:963EC3EB4002CCE9759E2EBA541A873A
 |   |   |- Guid:316CF2A6494ACA4C0E4180A87D36AB8F BaseClass: NativeClass:/Script/Engine.ExponentialHeightFog Name:ExponentialHeightFog_0 Label:ExponentialHeightFog SpatiallyLoaded:0 Bounds:IsValid=true, Min=(X=-5600.000 Y=-50.000 Z=-6850.000), Max=(X=-5600.000 Y=-50.000 Z=-6850.000) RuntimeGrid:None EditorOnly:0 RuntimeOnly:0 HLODRelevant:0 FolderPath:Lighting FolderGuid:963EC3EB4002CCE9759E2EBA541A873A
 |   |   |- Guid:3215618947BB2157168832B6CBD9B9B2 BaseClass: NativeClass:/Script/Engine.StaticMeshActor Name:StaticMeshActor_UAID_B42E9937A9F3276701_2022270811 Label:Cylinder SpatiallyLoaded:1 Bounds:IsValid=true, Min=(X=2760.000 Y=1960.000 Z=530.000), Max=(X=2960.000 Y=2160.000 Z=730.000) RuntimeGrid:None EditorOnly:0 RuntimeOnly:0 HLODRelevant:1
 |   |   |- Guid:3A00AA1C422CE54C0BDB60BAF471BFBB BaseClass: NativeClass:/Script/Engine.PlayerStart Name:PlayerStart_0 Label:PlayerStart SpatiallyLoaded:0 Bounds:IsValid=true, Min=(X=2743.647 Y=143.647 Z=240.013), Max=(X=2856.353 Y=256.353 Z=424.013) RuntimeGrid:None EditorOnly:0 RuntimeOnly:0 HLODRelevant:0
 |   |   |- Guid:40C877DD44BD4ED005F007A8DB221598 BaseClass: NativeClass:/Script/Engine.StaticMeshActor Name:StaticMeshActor_UAID_B42E9937A9F3286701_2038951991 Label:Plane SpatiallyLoaded:1 Bounds:IsValid=true, Min=(X=2766.139 Y=1997.500 Z=566.976), Max=(X=2913.861 Y=2122.500 Z=593.024) RuntimeGrid:None EditorOnly:0 RuntimeOnly:0 HLODRelevant:1
 |   |   |- Guid:43815E84492231AFC407F59E3C28176B BaseClass: NativeClass:/Script/Engine.StaticMeshActor Name:StaticMeshActor_4 Label:SM_Cube6 SpatiallyLoaded:1 Bounds:IsValid=true, Min=(X=2900.000 Y=100.000 Z=-33.221), Max=(X=3000.000 Y=3400.000 Z=782.353) RuntimeGrid:None EditorOnly:0 RuntimeOnly:0 HLODRelevant:1 FolderPath:Playground FolderGuid:C73F09FC4215536B1DCE2A9E0A830C70
 |   |   |- Guid:46FC885E439356782D8610B1F2BA80DD BaseClass: NativeClass:/Script/Engine.StaticMeshActor Name:StaticMeshActor_UAID_B42E9937A9F3286701_2084162992 Label:Plane2 SpatiallyLoaded:1 Bounds:IsValid=true, Min=(X=76.139 Y=967.500 Z=566.976), Max=(X=223.861 Y=1092.500 Z=593.024) RuntimeGrid:None EditorOnly:0 RuntimeOnly:0 HLODRelevant:1
 |   |   |- Guid:4D3BE93F4146AAAC8BBE79999D96D57F BaseClass: NativeClass:/Script/Engine.VolumetricCloud Name:VolumetricCloud_0 Label:VolumetricCloud SpatiallyLoaded:0 Bounds:IsValid=true, Min=(X=0.000 Y=0.000 Z=820.000), Max=(X=0.000 Y=0.000 Z=820.000) RuntimeGrid:None EditorOnly:0 RuntimeOnly:0 HLODRelevant:0 FolderPath:Lighting FolderGuid:963EC3EB4002CCE9759E2EBA541A873A
 |   |   |- Guid:5276F58E460723583DFA17861FF4CFF5 BaseClass: NativeClass:/Script/Engine.StaticMeshActor Name:StaticMeshActor_UAID_244BFE5C2532326701_1145198734 Label:Cylinder11 SpatiallyLoaded:1 Bounds:IsValid=true, Min=(X=1982.879 Y=983.054 Z=150.991), Max=(X=2159.425 Y=999.600 Z=167.537) RuntimeGrid:None EditorOnly:0 RuntimeOnly:0 HLODRelevant:1
 |   |   |- Guid:55C5E01D4E8CD043266A46BA721C9C31 BaseClass: NativeClass:/Script/Engine.StaticMeshActor Name:StaticMeshActor_UAID_B42E9937A9F31F6701_1463886390 Label:SM_Cube13 SpatiallyLoaded:1 Bounds:IsValid=true, Min=(X=90.000 Y=2520.000 Z=0.000), Max=(X=190.000 Y=2720.000 Z=100.000) RuntimeGrid:None EditorOnly:0 RuntimeOnly:0 HLODRelevant:1 FolderPath:Block01 FolderGuid:7D23E5AE4C2A421F86AF6986D87E6D05
 |   |   |- Guid:5B97F4A64FB21F77EFC44386BF705B4C BaseClass: NativeClass:/Script/Engine.TextRenderActor Name:TextRenderActor_1 Label:TextRenderActor SpatiallyLoaded:1 Bounds:IsValid=true, Min=(X=-0.100 Y=1100.000 Z=65.013), Max=(X=-0.100 Y=2392.308 Z=215.013) RuntimeGrid:None EditorOnly:0 RuntimeOnly:0 HLODRelevant:0
 |   |   |- Guid:5E4DB4154690C8B4EB14EAA9E92FAAFF BaseClass: NativeClass:/Script/Engine.StaticMeshActor Name:StaticMeshActor_33 Label:SM_QuarterCylinder12 SpatiallyLoaded:1 Bounds:IsValid=true, Min=(X=2500.183 Y=108.512 Z=-20.000), Max=(X=2781.949 Y=390.279 Z=230.000) RuntimeGrid:None EditorOnly:0 RuntimeOnly:0 HLODRelevant:1 FolderPath:Cylinder FolderGuid:D075E5BA49330D3EC2503D81A7CF88D1
 |   |   |- Guid:60C812424623B7890D38C0B5058DC96E BaseClass: NativeClass:/Script/Engine.StaticMeshActor Name:StaticMeshActor_UAID_B42E9937A9F32B6701_1512167530 Label:Cylinder4 SpatiallyLoaded:1 Bounds:IsValid=true, Min=(X=531.062 Y=2951.062 Z=283.079), Max=(X=568.938 Y=2988.938 Z=308.079) RuntimeGrid:None EditorOnly:0 RuntimeOnly:0 HLODRelevant:1
 |   |   |- Guid:65D018934B2A7B558CFFF495D9CE8875 BaseClass: NativeClass:/Script/Engine.StaticMeshActor Name:StaticMeshActor_UAID_244BFE5C2532316701_2114214553 Label:Cylinder6 SpatiallyLoaded:1 Bounds:IsValid=true, Min=(X=1720.774 Y=1793.457 Z=-11.645), Max=(X=1734.435 Y=1807.118 Z=164.901) RuntimeGrid:None EditorOnly:0 RuntimeOnly:0 HLODRelevant:1
 |   |   |- Guid:68A6182F42E2CA2E928226960CB21A42 BaseClass: NativeClass:/Script/Engine.StaticMeshActor Name:StaticMeshActor_UAID_B42E9937A9F32B6701_1481568529 Label:Cylinder3 SpatiallyLoaded:1 Bounds:IsValid=true, Min=(X=525.000 Y=2945.000 Z=277.500), Max=(X=575.000 Y=2995.000 Z=302.500) RuntimeGrid:None EditorOnly:0 RuntimeOnly:0 HLODRelevant:1
 |   |   |- Guid:69CAB99140D3664DB07EBB91ED30A5E8 BaseClass: NativeClass:/Script/Engine.StaticMeshActor Name:StaticMeshActor_UAID_244BFE5C2532326701_1132030731 Label:Cylinder8 SpatiallyLoaded:1 Bounds:IsValid=true, Min=(X=1461.498 Y=983.054 Z=150.991), Max=(X=1638.044 Y=999.600 Z=167.537) RuntimeGrid:None EditorOnly:0 RuntimeOnly:0 HLODRelevant:1
 |   |   |- Guid:6BAF4DDD444C60371492D3919DB42C97 BaseClass: NativeClass:/Script/Engine.WorldDataLayers Name:WorldDataLayers Label:WorldDataLayers SpatiallyLoaded:0 Bounds:IsValid=true, Min=(X=0.000 Y=0.000 Z=0.000), Max=(X=0.000 Y=0.000 Z=0.000) RuntimeGrid:None EditorOnly:0 RuntimeOnly:0 HLODRelevant:0
 |   |   |- Guid:71259340455BEFFDA88352A0E90DAA7D BaseClass: NativeClass:/Script/Engine.StaticMeshActor Name:StaticMeshActor_UAID_244BFE5C2532326701_1212653747 Label:Cylinder24 SpatiallyLoaded:1 Bounds:IsValid=true, Min=(X=336.533 Y=1793.457 Z=154.689), Max=(X=513.079 Y=1807.118 Z=168.350) RuntimeGrid:None EditorOnly:0 RuntimeOnly:0 HLODRelevant:1
 |   |   |- Guid:8DD607D446CB6A3B04D5029E3F9D7BD3 BaseClass: NativeClass:/Script/Engine.StaticMeshActor Name:StaticMeshActor_UAID_244BFE5C2532316701_1194964551 Label:Cylinder5 SpatiallyLoaded:1 Bounds:IsValid=true, Min=(X=1285.948 Y=983.054 Z=-11.645), Max=(X=1302.495 Y=999.600 Z=164.901) RuntimeGrid:None EditorOnly:0 RuntimeOnly:0 HLODRelevant:1
 |   |   |- Guid:8E3BD1C34C23A4E521B189BDF1F244B4 BaseClass: NativeClass:/Script/Engine.StaticMeshActor Name:StaticMeshActor_UAID_244BFE5C2532326701_1136267732 Label:Cylinder9 SpatiallyLoaded:1 Bounds:IsValid=true, Min=(X=1636.637 Y=983.054 Z=150.991), Max=(X=1813.183 Y=999.600 Z=167.537) RuntimeGrid:None EditorOnly:0 RuntimeOnly:0 HLODRelevant:1
 |   |   |- Guid:9120EFFC424A5E758D23CA9A0C6D9AB7 BaseClass: NativeClass:/Script/Engine.StaticMeshActor Name:StaticMeshActor_UAID_B42E9937A9F31F6701_1463884388 Label:SM_Cube12 SpatiallyLoaded:1 Bounds:IsValid=true, Min=(X=90.000 Y=2520.000 Z=100.000), Max=(X=190.000 Y=2720.000 Z=200.000) RuntimeGrid:None EditorOnly:0 RuntimeOnly:0 HLODRelevant:1 FolderPath:Block01 FolderGuid:7D23E5AE4C2A421F86AF6986D87E6D05
 |   |   |- Guid:94F6D9A645798F5BAD0B58BEED8F27F5 BaseClass: NativeClass:/Script/Engine.StaticMeshActor Name:StaticMeshActor_32 Label:SM_QuarterCylinder11 SpatiallyLoaded:1 Bounds:IsValid=true, Min=(X=2653.391 Y=237.070 Z=-20.000), Max=(X=2935.158 Y=518.836 Z=230.000) RuntimeGrid:None EditorOnly:0 RuntimeOnly:0 HLODRelevant:1 FolderPath:Cylinder FolderGuid:D075E5BA49330D3EC2503D81A7CF88D1
 |   |   |- Guid:961864A84FF6F65B68F2A3BE5819D538 BaseClass: NativeClass:/Script/Engine.StaticMeshActor Name:StaticMeshActor_8 Label:SM_Cube4 SpatiallyLoaded:1 Bounds:IsValid=true, Min=(X=90.000 Y=2720.000 Z=-154.774), Max=(X=590.000 Y=3220.000 Z=202.593) RuntimeGrid:None EditorOnly:0 RuntimeOnly:0 HLODRelevant:1 FolderPath:Block01 FolderGuid:7D23E5AE4C2A421F86AF6986D87E6D05
 |   |   |- Guid:9CDA1FFC4F7F88D59C96C69306FC4EC9 BaseClass: NativeClass:/Script/Engine.StaticMeshActor Name:StaticMeshActor_UAID_244BFE5C2532326701_1205036746 Label:Cylinder23 SpatiallyLoaded:1 Bounds:IsValid=true, Min=(X=511.624 Y=1793.457 Z=154.689), Max=(X=688.170 Y=1807.118 Z=168.350) RuntimeGrid:None EditorOnly:0 RuntimeOnly:0 HLODRelevant:1
 |   |   |- Guid:A31876214FD879E7F03BB6851B24A65D BaseClass: NativeClass:/Script/Engine.TriggerBox Name:TriggerBox_UAID_B42E9937A9F31F6701_1991581391 Label:TriggerBox SpatiallyLoaded:1 Bounds:IsValid=true, Min=(X=1392.500 Y=1653.750 Z=730.000), Max=(X=1587.500 Y=1806.250 Z=810.000) RuntimeGrid:None EditorOnly:0 RuntimeOnly:0 HLODRelevant:0
 |   |   |- Guid:A56216954B2165CF0F35A886B537D536 BaseClass: NativeClass:/Script/Engine.StaticMeshActor Name:StaticMeshActor_0 Label:SM_Cube5 SpatiallyLoaded:1 Bounds:IsValid=true, Min=(X=-0.000 Y=100.000 Z=-33.221), Max=(X=100.000 Y=3400.000 Z=782.353) RuntimeGrid:None EditorOnly:0 RuntimeOnly:0 HLODRelevant:1 FolderPath:Playground FolderGuid:C73F09FC4215536B1DCE2A9E0A830C70
 |   |   |- Guid:AB74120142217676C6EC818E6B49412B BaseClass: NativeClass:/Script/Engine.StaticMeshActor Name:StaticMeshActor_15 Label:SM_Cube10 SpatiallyLoaded:1 Bounds:IsValid=true, Min=(X=90.000 Y=3220.000 Z=100.000), Max=(X=190.000 Y=3420.000 Z=200.000) RuntimeGrid:None EditorOnly:0 RuntimeOnly:0 HLODRelevant:1 FolderPath:Block01 FolderGuid:7D23E5AE4C2A421F86AF6986D87E6D05
 |   |   |- Guid:AFC2DF7A4FC59C65083ACEB929ED5DD3 BaseClass: NativeClass:/Script/Engine.StaticMeshActor Name:StaticMeshActor_UAID_244BFE5C2532326701_1152462736 Label:Cylinder13 SpatiallyLoaded:1 Bounds:IsValid=true, Min=(X=2332.311 Y=983.054 Z=150.991), Max=(X=2508.857 Y=999.600 Z=167.537) RuntimeGrid:None EditorOnly:0 RuntimeOnly:0 HLODRelevant:1
 |   |   |- Guid:B785ED2844B84CFB91E7F39FE661CD99 BaseClass: NativeClass:/Script/Engine.DirectionalLight Name:DirectionalLight_0 Label:DirectionalLight SpatiallyLoaded:0 Bounds:IsValid=true, Min=(X=-1048576.000 Y=-1048576.000 Z=-1048576.000), Max=(X=1048576.000 Y=1048576.000 Z=1048576.000) RuntimeGrid:None EditorOnly:0 RuntimeOnly:0 HLODRelevant:0 FolderPath:Lighting FolderGuid:963EC3EB4002CCE9759E2EBA541A873A
 |   |   |- Guid:BC08B79C4EA3C961CFF75EBBE83B367D BaseClass: NativeClass:/Script/Engine.StaticMeshActor Name:StaticMeshActor_5 Label:SM_Cube2 SpatiallyLoaded:1 Bounds:IsValid=true, Min=(X=-0.000 Y=0.000 Z=-33.221), Max=(X=3000.000 Y=100.000 Z=782.353) RuntimeGrid:None EditorOnly:0 RuntimeOnly:0 HLODRelevant:1 FolderPath:Playground FolderGuid:C73F09FC4215536B1DCE2A9E0A830C70
 |   |   |- Guid:C15C2C8D4EA4ADE0BD1349AFD814988B BaseClass: NativeClass:/Script/Engine.StaticMeshActor Name:StaticMeshActor_14 Label:SM_Ramp3 SpatiallyLoaded:1 Bounds:IsValid=true, Min=(X=190.000 Y=3220.000 Z=0.000), Max=(X=590.000 Y=3420.000 Z=200.000) RuntimeGrid:None EditorOnly:0 RuntimeOnly:0 HLODRelevant:1 FolderPath:Block01 FolderGuid:7D23E5AE4C2A421F86AF6986D87E6D05
 |   |   |- Guid:C1F5136E49A7356B955938BA013A7151 BaseClass: NativeClass:/Script/Engine.StaticMeshActor Name:StaticMeshActor_UAID_244BFE5C2532326701_1116755730 Label:Cylinder7 SpatiallyLoaded:1 Bounds:IsValid=true, Min=(X=1287.537 Y=983.054 Z=150.991), Max=(X=1464.083 Y=999.600 Z=167.537) RuntimeGrid:None EditorOnly:0 RuntimeOnly:0 HLODRelevant:1
 |   |   |- Guid:CCFF262C46EEFFDF319E7F9539CE697E BaseClass: NativeClass:/Script/Engine.SkyAtmosphere Name:SkyAtmosphere_0 Label:SkyAtmosphere SpatiallyLoaded:0 Bounds:IsValid=true, Min=(X=0.000 Y=0.000 Z=1020.000), Max=(X=0.000 Y=0.000 Z=1020.000) RuntimeGrid:None EditorOnly:0 RuntimeOnly:0 HLODRelevant:0 FolderPath:Lighting FolderGuid:963EC3EB4002CCE9759E2EBA541A873A
 |   |   |- Guid:D6DCE8F84105BFAF3572A3AAA3BAA5D9 BaseClass: NativeClass:/Script/Engine.StaticMeshActor Name:StaticMeshActor_UAID_244BFE5C2532326701_1189524742 Label:Cylinder19 SpatiallyLoaded:1 Bounds:IsValid=true, Min=(X=1207.042 Y=1793.457 Z=154.689), Max=(X=1383.588 Y=1807.118 Z=168.350) RuntimeGrid:None EditorOnly:0 RuntimeOnly:0 HLODRelevant:1
 |   |   |- Guid:DA5B8CD840958B416F3866B2EF66767B BaseClass: NativeClass:/Script/Engine.StaticMeshActor Name:StaticMeshActor_UAID_244BFE5C2532326701_1163694739 Label:Cylinder16 SpatiallyLoaded:1 Bounds:IsValid=true, Min=(X=2853.819 Y=983.054 Z=150.991), Max=(X=3030.365 Y=999.600 Z=167.537) RuntimeGrid:None EditorOnly:0 RuntimeOnly:0 HLODRelevant:1
 |   |   |- Guid:DE3A079B4635A6D8D620CCBC6C0BB1C0 BaseClass: NativeClass:/Script/Engine.StaticMeshActor Name:StaticMeshActor_35 Label:SM_QuarterCylinder14 SpatiallyLoaded:1 Bounds:IsValid=true, Min=(X=2781.949 Y=83.861 Z=-20.000), Max=(X=3063.715 Y=365.627 Z=230.000) RuntimeGrid:None EditorOnly:0 RuntimeOnly:0 HLODRelevant:1 FolderPath:Cylinder FolderGuid:D075E5BA49330D3EC2503D81A7CF88D1
 |   |   |- Guid:E13875E44A49B5C4395F0FB0B167817F BaseClass: NativeClass:/Script/Engine.StaticMeshActor Name:StaticMeshActor_UAID_244BFE5C2532326701_1186005741 Label:Cylinder18 SpatiallyLoaded:1 Bounds:IsValid=true, Min=(X=1380.662 Y=1793.457 Z=154.689), Max=(X=1557.208 Y=1807.118 Z=168.350) RuntimeGrid:None EditorOnly:0 RuntimeOnly:0 HLODRelevant:1
 |   |   |- Guid:E70828A94B73CDCF868EB6B7975BCDD8 BaseClass: NativeClass:/Script/Engine.StaticMeshActor Name:StaticMeshActor_UAID_B42E9937A9F3276701_2037501812 Label:Cylinder2 SpatiallyLoaded:1 Bounds:IsValid=true, Min=(X=-87.956 Y=931.475 Z=543.707), Max=(X=275.697 Y=1127.962 Z=798.206) RuntimeGrid:None EditorOnly:0 RuntimeOnly:0 HLODRelevant:1
 |   |   |- Guid:E82718AE4A42AF88B8AB718D90283E45 BaseClass: NativeClass:/Script/Engine.StaticMeshActor Name:StaticMeshActor_UAID_244BFE5C2532316701_2114212552 Label:SM_Cube18 SpatiallyLoaded:1 Bounds:IsValid=true, Min=(X=56.826 Y=1798.465 Z=-40.000), Max=(X=1731.826 Y=1801.614 Z=160.000) RuntimeGrid:None EditorOnly:0 RuntimeOnly:0 HLODRelevant:1 FolderPath:Playground FolderGuid:C73F09FC4215536B1DCE2A9E0A830C70
 |   |   |- Guid:E8A79217432248686ED8EAA37B161B22 BaseClass: NativeClass:/Script/Engine.StaticMeshActor Name:StaticMeshActor_UAID_244BFE5C2532326701_1156830737 Label:Cylinder14 SpatiallyLoaded:1 Bounds:IsValid=true, Min=(X=2505.886 Y=983.054 Z=150.991), Max=(X=2682.432 Y=999.600 Z=167.537) RuntimeGrid:None EditorOnly:0 RuntimeOnly:0 HLODRelevant:1
 |   |   |- Guid:EC4E0C944CE6AC6E784BC6BB2916EA13 BaseClass: NativeClass:/Script/Engine.StaticMeshActor Name:StaticMeshActor_UAID_A4AE111137DC5EFB00_1110535423 Label:SM_SkySphere SpatiallyLoaded:0 Bounds:IsValid=true, Min=(X=-2099958.190 Y=-1640370.000 Z=-2099958.190), Max=(X=2099958.190 Y=1636430.000 Z=2099958.190) RuntimeGrid:None EditorOnly:0 RuntimeOnly:0 HLODRelevant:1 FolderPath:Lighting FolderGuid:963EC3EB4002CCE9759E2EBA541A873A
 |   |   |- Guid:EDFA3A0A406A1AA2A5E3F58B93C310B6 BaseClass: NativeClass:/Script/Engine.StaticMeshActor Name:StaticMeshActor_UAID_244BFE5C2532336701_1851473926 Label:slide SpatiallyLoaded:1 Bounds:IsValid=true, Min=(X=-237.800 Y=-616.714 Z=444.228), Max=(X=-237.800 Y=-616.714 Z=444.228) RuntimeGrid:None EditorOnly:0 RuntimeOnly:0 HLODRelevant:0
 |   |   |- Guid:EFDF4BAF468ACF91B13E73B6800DBD24 BaseClass: NativeClass:/Script/Engine.StaticMeshActor Name:StaticMeshActor_UAID_244BFE5C2532326701_1219926749 Label:Cylinder26 SpatiallyLoaded:1 Bounds:IsValid=true, Min=(X=-13.322 Y=1793.457 Z=154.689), Max=(X=163.224 Y=1807.118 Z=168.350) RuntimeGrid:None EditorOnly:0 RuntimeOnly:0 HLODRelevant:1
 |   |   |- Guid:F1924B8D48954B30891B2DB6A694F9CC BaseClass: NativeClass:/Script/Engine.StaticMeshActor Name:StaticMeshActor_1 Label:SM_Cube SpatiallyLoaded:1 Bounds:IsValid=true, Min=(X=0.000 Y=0.000 Z=-50.000), Max=(X=3000.000 Y=3500.000 Z=0.000) RuntimeGrid:None EditorOnly:0 RuntimeOnly:0 HLODRelevant:1 FolderPath:Playground FolderGuid:C73F09FC4215536B1DCE2A9E0A830C70
 |   |   |- Guid:F5E3FEB3450C49844FD93DA8E083C8AD BaseClass: NativeClass:/Script/Engine.PostProcessVolume Name:PostProcessVolume_0 Label:PostProcessVolume SpatiallyLoaded:0 Bounds:IsValid=true, Min=(X=0.000 Y=0.000 Z=400.000), Max=(X=200.000 Y=200.000 Z=600.000) RuntimeGrid:None EditorOnly:0 RuntimeOnly:0 HLODRelevant:0 FolderPath:Lighting FolderGuid:963EC3EB4002CCE9759E2EBA541A873A
 |   |   |- Guid:F645E1394C48B73CE05D5EA66837F4A8 BaseClass: NativeClass:/Script/Engine.StaticMeshActor Name:StaticMeshActor_UAID_244BFE5C2532326701_1160638738 Label:Cylinder15 SpatiallyLoaded:1 Bounds:IsValid=true, Min=(X=2680.154 Y=983.054 Z=150.991), Max=(X=2856.700 Y=999.600 Z=167.537) RuntimeGrid:None EditorOnly:0 RuntimeOnly:0 HLODRelevant:1
 |   |   |- Guid:F885E6DC490D8D03D3EE95BA7F50F5B1 BaseClass:/Game/Blueprints/EndBox.EndBox_C NativeClass:/Script/Engine.Actor Name:EndBox_C_UAID_B42E9937A9F3246701_1662836274 Label:EndBox SpatiallyLoaded:1 Bounds:IsValid=true, Min=(X=0.000 Y=0.000 Z=0.000), Max=(X=0.000 Y=0.000 Z=0.000) RuntimeGrid:None EditorOnly:0 RuntimeOnly:0 HLODRelevant:0
 |   |   |- Guid:FF4F8B904221FD77207F74BB2D4B9A59 BaseClass: NativeClass:/Script/Engine.StaticMeshActor Name:StaticMeshActor_UAID_B42E9937A9F31F6701_1431687387 Label:SM_Cube11 SpatiallyLoaded:1 Bounds:IsValid=true, Min=(X=90.000 Y=3220.000 Z=0.000), Max=(X=190.000 Y=3420.000 Z=100.000) RuntimeGrid:None EditorOnly:0 RuntimeOnly:0 HLODRelevant:1 FolderPath:Block01 FolderGuid:7D23E5AE4C2A421F86AF6986D87E6D05
 |   |   |- Guid:FF698C67459ADB4982D7759C0905EE9F BaseClass: NativeClass:/Script/Engine.StaticMeshActor Name:StaticMeshActor_6 Label:SM_Cube3 SpatiallyLoaded:1 Bounds:IsValid=true, Min=(X=-0.000 Y=3400.000 Z=-33.221), Max=(X=3000.000 Y=3500.000 Z=782.353) RuntimeGrid:None EditorOnly:0 RuntimeOnly:0 HLODRelevant:1 FolderPath:Playground FolderGuid:C73F09FC4215536B1DCE2A9E0A830C70
 |   |- [+] Clusters:
 |   |   |- [+] [  0]
 |   |   |   |- Guid:6BAF4DDD444C60371492D3919DB42C97 BaseClass: NativeClass:/Script/Engine.WorldDataLayers Name:WorldDataLayers Label:WorldDataLayers SpatiallyLoaded:0 Bounds:IsValid=true, Min=(X=0.000 Y=0.000 Z=0.000), Max=(X=0.000 Y=0.000 Z=0.000) RuntimeGrid:None EditorOnly:0 RuntimeOnly:0 HLODRelevant:0
 |   |   |- [+] [  1]
 |   |   |   |- Guid:F885E6DC490D8D03D3EE95BA7F50F5B1 BaseClass:/Game/Blueprints/EndBox.EndBox_C NativeClass:/Script/Engine.Actor Name:EndBox_C_UAID_B42E9937A9F3246701_1662836274 Label:EndBox SpatiallyLoaded:1 Bounds:IsValid=true, Min=(X=0.000 Y=0.000 Z=0.000), Max=(X=0.000 Y=0.000 Z=0.000) RuntimeGrid:None EditorOnly:0 RuntimeOnly:0 HLODRelevant:0
 |   |   |- [+] [  2]
 |   |   |   |- Guid:0C680C0D46F32E51687ADEB2FA0A0ACA BaseClass: NativeClass:/Script/Engine.StaticMeshActor Name:StaticMeshActor_UAID_244BFE5C2532326701_1148639735 Label:Cylinder12 SpatiallyLoaded:1 Bounds:IsValid=true, Min=(X=2157.333 Y=983.054 Z=150.991), Max=(X=2333.879 Y=999.600 Z=167.537) RuntimeGrid:None EditorOnly:0 RuntimeOnly:0 HLODRelevant:1
 |   |   |- [+] [  3]
 |   |   |   |- Guid:5276F58E460723583DFA17861FF4CFF5 BaseClass: NativeClass:/Script/Engine.StaticMeshActor Name:StaticMeshActor_UAID_244BFE5C2532326701_1145198734 Label:Cylinder11 SpatiallyLoaded:1 Bounds:IsValid=true, Min=(X=1982.879 Y=983.054 Z=150.991), Max=(X=2159.425 Y=999.600 Z=167.537) RuntimeGrid:None EditorOnly:0 RuntimeOnly:0 HLODRelevant:1
 |   |   |- [+] [  4]
 |   |   |   |- Guid:F5E3FEB3450C49844FD93DA8E083C8AD BaseClass: NativeClass:/Script/Engine.PostProcessVolume Name:PostProcessVolume_0 Label:PostProcessVolume SpatiallyLoaded:0 Bounds:IsValid=true, Min=(X=0.000 Y=0.000 Z=400.000), Max=(X=200.000 Y=200.000 Z=600.000) RuntimeGrid:None EditorOnly:0 RuntimeOnly:0 HLODRelevant:0 FolderPath:Lighting FolderGuid:963EC3EB4002CCE9759E2EBA541A873A
 |   |   |- [+] [  5]
 |   |   |   |- Guid:A31876214FD879E7F03BB6851B24A65D BaseClass: NativeClass:/Script/Engine.TriggerBox Name:TriggerBox_UAID_B42E9937A9F31F6701_1991581391 Label:TriggerBox SpatiallyLoaded:1 Bounds:IsValid=true, Min=(X=1392.500 Y=1653.750 Z=730.000), Max=(X=1587.500 Y=1806.250 Z=810.000) RuntimeGrid:None EditorOnly:0 RuntimeOnly:0 HLODRelevant:0
 |   |   |- [+] [  6]
 |   |   |   |- Guid:5B97F4A64FB21F77EFC44386BF705B4C BaseClass: NativeClass:/Script/Engine.TextRenderActor Name:TextRenderActor_1 Label:TextRenderActor SpatiallyLoaded:1 Bounds:IsValid=true, Min=(X=-0.100 Y=1100.000 Z=65.013), Max=(X=-0.100 Y=2392.308 Z=215.013) RuntimeGrid:None EditorOnly:0 RuntimeOnly:0 HLODRelevant:0
 |   |   |- [+] [  7]
 |   |   |   |- Guid:60C812424623B7890D38C0B5058DC96E BaseClass: NativeClass:/Script/Engine.StaticMeshActor Name:StaticMeshActor_UAID_B42E9937A9F32B6701_1512167530 Label:Cylinder4 SpatiallyLoaded:1 Bounds:IsValid=true, Min=(X=531.062 Y=2951.062 Z=283.079), Max=(X=568.938 Y=2988.938 Z=308.079) RuntimeGrid:None EditorOnly:0 RuntimeOnly:0 HLODRelevant:1
 |   |   |- [+] [  8]
 |   |   |   |- Guid:4D3BE93F4146AAAC8BBE79999D96D57F BaseClass: NativeClass:/Script/Engine.VolumetricCloud Name:VolumetricCloud_0 Label:VolumetricCloud SpatiallyLoaded:0 Bounds:IsValid=true, Min=(X=0.000 Y=0.000 Z=820.000), Max=(X=0.000 Y=0.000 Z=820.000) RuntimeGrid:None EditorOnly:0 RuntimeOnly:0 HLODRelevant:0 FolderPath:Lighting FolderGuid:963EC3EB4002CCE9759E2EBA541A873A
 |   |   |- [+] [  9]
 |   |   |   |- Guid:1A789DC8415097E9856E5DB60740F01D BaseClass: NativeClass:/Script/Engine.StaticMeshActor Name:StaticMeshActor_34 Label:SM_QuarterCylinder13 SpatiallyLoaded:1 Bounds:IsValid=true, Min=(X=2628.740 Y=-44.697 Z=-20.000), Max=(X=2910.506 Y=237.070 Z=230.000) RuntimeGrid:None EditorOnly:0 RuntimeOnly:0 HLODRelevant:1 FolderPath:Cylinder FolderGuid:D075E5BA49330D3EC2503D81A7CF88D1
 |   |   |- [+] [ 10]
 |   |   |   |- Guid:2C3AB2704FEB671BFE68C89A2712ECD3 BaseClass: NativeClass:/Script/Engine.StaticMeshActor Name:StaticMeshActor_UAID_B42E9937A9F3296701_1133873170 Label:SM_Cube13 SpatiallyLoaded:1 Bounds:IsValid=true, Min=(X=1290.000 Y=990.000 Z=-40.000), Max=(X=2965.000 Y=993.150 Z=160.000) RuntimeGrid:None EditorOnly:0 RuntimeOnly:0 HLODRelevant:1 FolderPath:Playground FolderGuid:C73F09FC4215536B1DCE2A9E0A830C70
 |   |   |- [+] [ 11]
 |   |   |   |- Guid:68A6182F42E2CA2E928226960CB21A42 BaseClass: NativeClass:/Script/Engine.StaticMeshActor Name:StaticMeshActor_UAID_B42E9937A9F32B6701_1481568529 Label:Cylinder3 SpatiallyLoaded:1 Bounds:IsValid=true, Min=(X=525.000 Y=2945.000 Z=277.500), Max=(X=575.000 Y=2995.000 Z=302.500) RuntimeGrid:None EditorOnly:0 RuntimeOnly:0 HLODRelevant:1
 |   |   |- [+] [ 12]
 |   |   |   |- Guid:AB74120142217676C6EC818E6B49412B BaseClass: NativeClass:/Script/Engine.StaticMeshActor Name:StaticMeshActor_15 Label:SM_Cube10 SpatiallyLoaded:1 Bounds:IsValid=true, Min=(X=90.000 Y=3220.000 Z=100.000), Max=(X=190.000 Y=3420.000 Z=200.000) RuntimeGrid:None EditorOnly:0 RuntimeOnly:0 HLODRelevant:1 FolderPath:Block01 FolderGuid:7D23E5AE4C2A421F86AF6986D87E6D05
 |   |   |- [+] [ 13]
 |   |   |   |- Guid:CCFF262C46EEFFDF319E7F9539CE697E BaseClass: NativeClass:/Script/Engine.SkyAtmosphere Name:SkyAtmosphere_0 Label:SkyAtmosphere SpatiallyLoaded:0 Bounds:IsValid=true, Min=(X=0.000 Y=0.000 Z=1020.000), Max=(X=0.000 Y=0.000 Z=1020.000) RuntimeGrid:None EditorOnly:0 RuntimeOnly:0 HLODRelevant:0 FolderPath:Lighting FolderGuid:963EC3EB4002CCE9759E2EBA541A873A
 |   |   |- [+] [ 14]
 |   |   |   |- Guid:EC4E0C944CE6AC6E784BC6BB2916EA13 BaseClass: NativeClass:/Script/Engine.StaticMeshActor Name:StaticMeshActor_UAID_A4AE111137DC5EFB00_1110535423 Label:SM_SkySphere SpatiallyLoaded:0 Bounds:IsValid=true, Min=(X=-2099958.190 Y=-1640370.000 Z=-2099958.190), Max=(X=2099958.190 Y=1636430.000 Z=2099958.190) RuntimeGrid:None EditorOnly:0 RuntimeOnly:0 HLODRelevant:1 FolderPath:Lighting FolderGuid:963EC3EB4002CCE9759E2EBA541A873A
 |   |   |- [+] [ 15]
 |   |   |   |- Guid:C15C2C8D4EA4ADE0BD1349AFD814988B BaseClass: NativeClass:/Script/Engine.StaticMeshActor Name:StaticMeshActor_14 Label:SM_Ramp3 SpatiallyLoaded:1 Bounds:IsValid=true, Min=(X=190.000 Y=3220.000 Z=0.000), Max=(X=590.000 Y=3420.000 Z=200.000) RuntimeGrid:None EditorOnly:0 RuntimeOnly:0 HLODRelevant:1 FolderPath:Block01 FolderGuid:7D23E5AE4C2A421F86AF6986D87E6D05
 |   |   |- [+] [ 16]
 |   |   |   |- Guid:43815E84492231AFC407F59E3C28176B BaseClass: NativeClass:/Script/Engine.StaticMeshActor Name:StaticMeshActor_4 Label:SM_Cube6 SpatiallyLoaded:1 Bounds:IsValid=true, Min=(X=2900.000 Y=100.000 Z=-33.221), Max=(X=3000.000 Y=3400.000 Z=782.353) RuntimeGrid:None EditorOnly:0 RuntimeOnly:0 HLODRelevant:1 FolderPath:Playground FolderGuid:C73F09FC4215536B1DCE2A9E0A830C70
 |   |   |- [+] [ 17]
 |   |   |   |- Guid:9120EFFC424A5E758D23CA9A0C6D9AB7 BaseClass: NativeClass:/Script/Engine.StaticMeshActor Name:StaticMeshActor_UAID_B42E9937A9F31F6701_1463884388 Label:SM_Cube12 SpatiallyLoaded:1 Bounds:IsValid=true, Min=(X=90.000 Y=2520.000 Z=100.000), Max=(X=190.000 Y=2720.000 Z=200.000) RuntimeGrid:None EditorOnly:0 RuntimeOnly:0 HLODRelevant:1 FolderPath:Block01 FolderGuid:7D23E5AE4C2A421F86AF6986D87E6D05
 |   |   |- [+] [ 18]
 |   |   |   |- Guid:B785ED2844B84CFB91E7F39FE661CD99 BaseClass: NativeClass:/Script/Engine.DirectionalLight Name:DirectionalLight_0 Label:DirectionalLight SpatiallyLoaded:0 Bounds:IsValid=true, Min=(X=-1048576.000 Y=-1048576.000 Z=-1048576.000), Max=(X=1048576.000 Y=1048576.000 Z=1048576.000) RuntimeGrid:None EditorOnly:0 RuntimeOnly:0 HLODRelevant:0 FolderPath:Lighting FolderGuid:963EC3EB4002CCE9759E2EBA541A873A
 |   |   |- [+] [ 19]
 |   |   |   |- Guid:1512B66C47049568AD1998929E7D0870 BaseClass: NativeClass:/Script/Engine.StaticMeshActor Name:StaticMeshActor_UAID_244BFE5C2532326701_1140694733 Label:Cylinder10 SpatiallyLoaded:1 Bounds:IsValid=true, Min=(X=1809.931 Y=983.054 Z=150.991), Max=(X=1986.477 Y=999.600 Z=167.537) RuntimeGrid:None EditorOnly:0 RuntimeOnly:0 HLODRelevant:1
 |   |   |- [+] [ 20]
 |   |   |   |- Guid:E70828A94B73CDCF868EB6B7975BCDD8 BaseClass: NativeClass:/Script/Engine.StaticMeshActor Name:StaticMeshActor_UAID_B42E9937A9F3276701_2037501812 Label:Cylinder2 SpatiallyLoaded:1 Bounds:IsValid=true, Min=(X=-87.956 Y=931.475 Z=543.707), Max=(X=275.697 Y=1127.962 Z=798.206) RuntimeGrid:None EditorOnly:0 RuntimeOnly:0 HLODRelevant:1
 |   |   |- [+] [ 21]
 |   |   |   |- Guid:5E4DB4154690C8B4EB14EAA9E92FAAFF BaseClass: NativeClass:/Script/Engine.StaticMeshActor Name:StaticMeshActor_33 Label:SM_QuarterCylinder12 SpatiallyLoaded:1 Bounds:IsValid=true, Min=(X=2500.183 Y=108.512 Z=-20.000), Max=(X=2781.949 Y=390.279 Z=230.000) RuntimeGrid:None EditorOnly:0 RuntimeOnly:0 HLODRelevant:1 FolderPath:Cylinder FolderGuid:D075E5BA49330D3EC2503D81A7CF88D1
 |   |   |- [+] [ 22]
 |   |   |   |- Guid:316CF2A6494ACA4C0E4180A87D36AB8F BaseClass: NativeClass:/Script/Engine.ExponentialHeightFog Name:ExponentialHeightFog_0 Label:ExponentialHeightFog SpatiallyLoaded:0 Bounds:IsValid=true, Min=(X=-5600.000 Y=-50.000 Z=-6850.000), Max=(X=-5600.000 Y=-50.000 Z=-6850.000) RuntimeGrid:None EditorOnly:0 RuntimeOnly:0 HLODRelevant:0 FolderPath:Lighting FolderGuid:963EC3EB4002CCE9759E2EBA541A873A
 |   |   |- [+] [ 23]
 |   |   |   |- Guid:DE3A079B4635A6D8D620CCBC6C0BB1C0 BaseClass: NativeClass:/Script/Engine.StaticMeshActor Name:StaticMeshActor_35 Label:SM_QuarterCylinder14 SpatiallyLoaded:1 Bounds:IsValid=true, Min=(X=2781.949 Y=83.861 Z=-20.000), Max=(X=3063.715 Y=365.627 Z=230.000) RuntimeGrid:None EditorOnly:0 RuntimeOnly:0 HLODRelevant:1 FolderPath:Cylinder FolderGuid:D075E5BA49330D3EC2503D81A7CF88D1
 |   |   |- [+] [ 24]
 |   |   |   |- Guid:8E3BD1C34C23A4E521B189BDF1F244B4 BaseClass: NativeClass:/Script/Engine.StaticMeshActor Name:StaticMeshActor_UAID_244BFE5C2532326701_1136267732 Label:Cylinder9 SpatiallyLoaded:1 Bounds:IsValid=true, Min=(X=1636.637 Y=983.054 Z=150.991), Max=(X=1813.183 Y=999.600 Z=167.537) RuntimeGrid:None EditorOnly:0 RuntimeOnly:0 HLODRelevant:1
 |   |   |- [+] [ 25]
 |   |   |   |- Guid:F1924B8D48954B30891B2DB6A694F9CC BaseClass: NativeClass:/Script/Engine.StaticMeshActor Name:StaticMeshActor_1 Label:SM_Cube SpatiallyLoaded:1 Bounds:IsValid=true, Min=(X=0.000 Y=0.000 Z=-50.000), Max=(X=3000.000 Y=3500.000 Z=0.000) RuntimeGrid:None EditorOnly:0 RuntimeOnly:0 HLODRelevant:1 FolderPath:Playground FolderGuid:C73F09FC4215536B1DCE2A9E0A830C70
 |   |   |- [+] [ 26]
 |   |   |   |- Guid:17029C9742EFEB9C6972589C5656112B BaseClass:/Game/Blueprints/CubeBlueprint.CubeBlueprint_C NativeClass:/Script/Engine.Actor Name:CubeBlueprint_C_UAID_B42E9937A9F3296701_1397018172 Label:CubeBlueprint SpatiallyLoaded:1 Bounds:IsValid=true, Min=(X=0.000 Y=0.000 Z=0.000), Max=(X=0.000 Y=0.000 Z=0.000) RuntimeGrid:None EditorOnly:0 RuntimeOnly:0 HLODRelevant:0
 |   |   |- [+] [ 27]
 |   |   |   |- Guid:46FC885E439356782D8610B1F2BA80DD BaseClass: NativeClass:/Script/Engine.StaticMeshActor Name:StaticMeshActor_UAID_B42E9937A9F3286701_2084162992 Label:Plane2 SpatiallyLoaded:1 Bounds:IsValid=true, Min=(X=76.139 Y=967.500 Z=566.976), Max=(X=223.861 Y=1092.500 Z=593.024) RuntimeGrid:None EditorOnly:0 RuntimeOnly:0 HLODRelevant:1
 |   |   |- [+] [ 28]
 |   |   |   |- Guid:69CAB99140D3664DB07EBB91ED30A5E8 BaseClass: NativeClass:/Script/Engine.StaticMeshActor Name:StaticMeshActor_UAID_244BFE5C2532326701_1132030731 Label:Cylinder8 SpatiallyLoaded:1 Bounds:IsValid=true, Min=(X=1461.498 Y=983.054 Z=150.991), Max=(X=1638.044 Y=999.600 Z=167.537) RuntimeGrid:None EditorOnly:0 RuntimeOnly:0 HLODRelevant:1
 |   |   |- [+] [ 29]
 |   |   |   |- Guid:2FB58999456391D349DC0F86DAC136ED BaseClass: NativeClass:/Script/Engine.SkyLight Name:SkyLight_1 Label:SkyLight SpatiallyLoaded:0 Bounds:IsValid=true, Min=(X=0.000 Y=0.000 Z=690.000), Max=(X=0.000 Y=0.000 Z=690.000) RuntimeGrid:None EditorOnly:0 RuntimeOnly:0 HLODRelevant:0 FolderPath:Lighting FolderGuid:963EC3EB4002CCE9759E2EBA541A873A
 |   |   |- [+] [ 30]
 |   |   |   |- Guid:C1F5136E49A7356B955938BA013A7151 BaseClass: NativeClass:/Script/Engine.StaticMeshActor Name:StaticMeshActor_UAID_244BFE5C2532326701_1116755730 Label:Cylinder7 SpatiallyLoaded:1 Bounds:IsValid=true, Min=(X=1287.537 Y=983.054 Z=150.991), Max=(X=1464.083 Y=999.600 Z=167.537) RuntimeGrid:None EditorOnly:0 RuntimeOnly:0 HLODRelevant:1
 |   |   |- [+] [ 31]
 |   |   |   |- Guid:3215618947BB2157168832B6CBD9B9B2 BaseClass: NativeClass:/Script/Engine.StaticMeshActor Name:StaticMeshActor_UAID_B42E9937A9F3276701_2022270811 Label:Cylinder SpatiallyLoaded:1 Bounds:IsValid=true, Min=(X=2760.000 Y=1960.000 Z=530.000), Max=(X=2960.000 Y=2160.000 Z=730.000) RuntimeGrid:None EditorOnly:0 RuntimeOnly:0 HLODRelevant:1
 |   |   |- [+] [ 32]
 |   |   |   |- Guid:40C877DD44BD4ED005F007A8DB221598 BaseClass: NativeClass:/Script/Engine.StaticMeshActor Name:StaticMeshActor_UAID_B42E9937A9F3286701_2038951991 Label:Plane SpatiallyLoaded:1 Bounds:IsValid=true, Min=(X=2766.139 Y=1997.500 Z=566.976), Max=(X=2913.861 Y=2122.500 Z=593.024) RuntimeGrid:None EditorOnly:0 RuntimeOnly:0 HLODRelevant:1
 |   |   |- [+] [ 33]
 |   |   |   |- Guid:65D018934B2A7B558CFFF495D9CE8875 BaseClass: NativeClass:/Script/Engine.StaticMeshActor Name:StaticMeshActor_UAID_244BFE5C2532316701_2114214553 Label:Cylinder6 SpatiallyLoaded:1 Bounds:IsValid=true, Min=(X=1720.774 Y=1793.457 Z=-11.645), Max=(X=1734.435 Y=1807.118 Z=164.901) RuntimeGrid:None EditorOnly:0 RuntimeOnly:0 HLODRelevant:1
 |   |   |- [+] [ 34]
 |   |   |   |- Guid:961864A84FF6F65B68F2A3BE5819D538 BaseClass: NativeClass:/Script/Engine.StaticMeshActor Name:StaticMeshActor_8 Label:SM_Cube4 SpatiallyLoaded:1 Bounds:IsValid=true, Min=(X=90.000 Y=2720.000 Z=-154.774), Max=(X=590.000 Y=3220.000 Z=202.593) RuntimeGrid:None EditorOnly:0 RuntimeOnly:0 HLODRelevant:1 FolderPath:Block01 FolderGuid:7D23E5AE4C2A421F86AF6986D87E6D05
 |   |   |- [+] [ 35]
 |   |   |   |- Guid:FF4F8B904221FD77207F74BB2D4B9A59 BaseClass: NativeClass:/Script/Engine.StaticMeshActor Name:StaticMeshActor_UAID_B42E9937A9F31F6701_1431687387 Label:SM_Cube11 SpatiallyLoaded:1 Bounds:IsValid=true, Min=(X=90.000 Y=3220.000 Z=0.000), Max=(X=190.000 Y=3420.000 Z=100.000) RuntimeGrid:None EditorOnly:0 RuntimeOnly:0 HLODRelevant:1 FolderPath:Block01 FolderGuid:7D23E5AE4C2A421F86AF6986D87E6D05
 |   |   |- [+] [ 36]
 |   |   |   |- Guid:A56216954B2165CF0F35A886B537D536 BaseClass: NativeClass:/Script/Engine.StaticMeshActor Name:StaticMeshActor_0 Label:SM_Cube5 SpatiallyLoaded:1 Bounds:IsValid=true, Min=(X=-0.000 Y=100.000 Z=-33.221), Max=(X=100.000 Y=3400.000 Z=782.353) RuntimeGrid:None EditorOnly:0 RuntimeOnly:0 HLODRelevant:1 FolderPath:Playground FolderGuid:C73F09FC4215536B1DCE2A9E0A830C70
 |   |   |- [+] [ 37]
 |   |   |   |- Guid:55C5E01D4E8CD043266A46BA721C9C31 BaseClass: NativeClass:/Script/Engine.StaticMeshActor Name:StaticMeshActor_UAID_B42E9937A9F31F6701_1463886390 Label:SM_Cube13 SpatiallyLoaded:1 Bounds:IsValid=true, Min=(X=90.000 Y=2520.000 Z=0.000), Max=(X=190.000 Y=2720.000 Z=100.000) RuntimeGrid:None EditorOnly:0 RuntimeOnly:0 HLODRelevant:1 FolderPath:Block01 FolderGuid:7D23E5AE4C2A421F86AF6986D87E6D05
 |   |   |- [+] [ 38]
 |   |   |   |- Guid:94F6D9A645798F5BAD0B58BEED8F27F5 BaseClass: NativeClass:/Script/Engine.StaticMeshActor Name:StaticMeshActor_32 Label:SM_QuarterCylinder11 SpatiallyLoaded:1 Bounds:IsValid=true, Min=(X=2653.391 Y=237.070 Z=-20.000), Max=(X=2935.158 Y=518.836 Z=230.000) RuntimeGrid:None EditorOnly:0 RuntimeOnly:0 HLODRelevant:1 FolderPath:Cylinder FolderGuid:D075E5BA49330D3EC2503D81A7CF88D1
 |   |   |- [+] [ 39]
 |   |   |   |- Guid:BC08B79C4EA3C961CFF75EBBE83B367D BaseClass: NativeClass:/Script/Engine.StaticMeshActor Name:StaticMeshActor_5 Label:SM_Cube2 SpatiallyLoaded:1 Bounds:IsValid=true, Min=(X=-0.000 Y=0.000 Z=-33.221), Max=(X=3000.000 Y=100.000 Z=782.353) RuntimeGrid:None EditorOnly:0 RuntimeOnly:0 HLODRelevant:1 FolderPath:Playground FolderGuid:C73F09FC4215536B1DCE2A9E0A830C70
 |   |   |- [+] [ 40]
 |   |   |   |- Guid:FF698C67459ADB4982D7759C0905EE9F BaseClass: NativeClass:/Script/Engine.StaticMeshActor Name:StaticMeshActor_6 Label:SM_Cube3 SpatiallyLoaded:1 Bounds:IsValid=true, Min=(X=-0.000 Y=3400.000 Z=-33.221), Max=(X=3000.000 Y=3500.000 Z=782.353) RuntimeGrid:None EditorOnly:0 RuntimeOnly:0 HLODRelevant:1 FolderPath:Playground FolderGuid:C73F09FC4215536B1DCE2A9E0A830C70
 |   |   |- [+] [ 41]
 |   |   |   |- Guid:3A00AA1C422CE54C0BDB60BAF471BFBB BaseClass: NativeClass:/Script/Engine.PlayerStart Name:PlayerStart_0 Label:PlayerStart SpatiallyLoaded:0 Bounds:IsValid=true, Min=(X=2743.647 Y=143.647 Z=240.013), Max=(X=2856.353 Y=256.353 Z=424.013) RuntimeGrid:None EditorOnly:0 RuntimeOnly:0 HLODRelevant:0
 |   |   |- [+] [ 42]
 |   |   |   |- Guid:2A92B5A0482578663E869191EA9F9F6A BaseClass: NativeClass:/Script/Engine.StaticMeshActor Name:StaticMeshActor_UAID_B42E9937A9F31F6701_1463886389 Label:SM_Ramp4 SpatiallyLoaded:1 Bounds:IsValid=true, Min=(X=190.000 Y=2520.000 Z=0.000), Max=(X=590.000 Y=2720.000 Z=200.000) RuntimeGrid:None EditorOnly:0 RuntimeOnly:0 HLODRelevant:1 FolderPath:Block01 FolderGuid:7D23E5AE4C2A421F86AF6986D87E6D05
 |   |   |- [+] [ 43]
 |   |   |   |- Guid:E82718AE4A42AF88B8AB718D90283E45 BaseClass: NativeClass:/Script/Engine.StaticMeshActor Name:StaticMeshActor_UAID_244BFE5C2532316701_2114212552 Label:SM_Cube18 SpatiallyLoaded:1 Bounds:IsValid=true, Min=(X=56.826 Y=1798.465 Z=-40.000), Max=(X=1731.826 Y=1801.614 Z=160.000) RuntimeGrid:None EditorOnly:0 RuntimeOnly:0 HLODRelevant:1 FolderPath:Playground FolderGuid:C73F09FC4215536B1DCE2A9E0A830C70
 |   |   |- [+] [ 44]
 |   |   |   |- Guid:8DD607D446CB6A3B04D5029E3F9D7BD3 BaseClass: NativeClass:/Script/Engine.StaticMeshActor Name:StaticMeshActor_UAID_244BFE5C2532316701_1194964551 Label:Cylinder5 SpatiallyLoaded:1 Bounds:IsValid=true, Min=(X=1285.948 Y=983.054 Z=-11.645), Max=(X=1302.495 Y=999.600 Z=164.901) RuntimeGrid:None EditorOnly:0 RuntimeOnly:0 HLODRelevant:1
 |   |   |- [+] [ 45]
 |   |   |   |- Guid:AFC2DF7A4FC59C65083ACEB929ED5DD3 BaseClass: NativeClass:/Script/Engine.StaticMeshActor Name:StaticMeshActor_UAID_244BFE5C2532326701_1152462736 Label:Cylinder13 SpatiallyLoaded:1 Bounds:IsValid=true, Min=(X=2332.311 Y=983.054 Z=150.991), Max=(X=2508.857 Y=999.600 Z=167.537) RuntimeGrid:None EditorOnly:0 RuntimeOnly:0 HLODRelevant:1
 |   |   |- [+] [ 46]
 |   |   |   |- Guid:E8A79217432248686ED8EAA37B161B22 BaseClass: NativeClass:/Script/Engine.StaticMeshActor Name:StaticMeshActor_UAID_244BFE5C2532326701_1156830737 Label:Cylinder14 SpatiallyLoaded:1 Bounds:IsValid=true, Min=(X=2505.886 Y=983.054 Z=150.991), Max=(X=2682.432 Y=999.600 Z=167.537) RuntimeGrid:None EditorOnly:0 RuntimeOnly:0 HLODRelevant:1
 |   |   |- [+] [ 47]
 |   |   |   |- Guid:F645E1394C48B73CE05D5EA66837F4A8 BaseClass: NativeClass:/Script/Engine.StaticMeshActor Name:StaticMeshActor_UAID_244BFE5C2532326701_1160638738 Label:Cylinder15 SpatiallyLoaded:1 Bounds:IsValid=true, Min=(X=2680.154 Y=983.054 Z=150.991), Max=(X=2856.700 Y=999.600 Z=167.537) RuntimeGrid:None EditorOnly:0 RuntimeOnly:0 HLODRelevant:1
 |   |   |- [+] [ 48]
 |   |   |   |- Guid:DA5B8CD840958B416F3866B2EF66767B BaseClass: NativeClass:/Script/Engine.StaticMeshActor Name:StaticMeshActor_UAID_244BFE5C2532326701_1163694739 Label:Cylinder16 SpatiallyLoaded:1 Bounds:IsValid=true, Min=(X=2853.819 Y=983.054 Z=150.991), Max=(X=3030.365 Y=999.600 Z=167.537) RuntimeGrid:None EditorOnly:0 RuntimeOnly:0 HLODRelevant:1
 |   |   |- [+] [ 49]
 |   |   |   |- Guid:0AF5FF904077BEF420681FA9D12AD789 BaseClass: NativeClass:/Script/Engine.StaticMeshActor Name:StaticMeshActor_UAID_244BFE5C2532326701_1172948740 Label:Cylinder17 SpatiallyLoaded:1 Bounds:IsValid=true, Min=(X=1555.955 Y=1793.457 Z=154.689), Max=(X=1732.501 Y=1807.118 Z=168.350) RuntimeGrid:None EditorOnly:0 RuntimeOnly:0 HLODRelevant:1
 |   |   |- [+] [ 50]
 |   |   |   |- Guid:E13875E44A49B5C4395F0FB0B167817F BaseClass: NativeClass:/Script/Engine.StaticMeshActor Name:StaticMeshActor_UAID_244BFE5C2532326701_1186005741 Label:Cylinder18 SpatiallyLoaded:1 Bounds:IsValid=true, Min=(X=1380.662 Y=1793.457 Z=154.689), Max=(X=1557.208 Y=1807.118 Z=168.350) RuntimeGrid:None EditorOnly:0 RuntimeOnly:0 HLODRelevant:1
 |   |   |- [+] [ 51]
 |   |   |   |- Guid:D6DCE8F84105BFAF3572A3AAA3BAA5D9 BaseClass: NativeClass:/Script/Engine.StaticMeshActor Name:StaticMeshActor_UAID_244BFE5C2532326701_1189524742 Label:Cylinder19 SpatiallyLoaded:1 Bounds:IsValid=true, Min=(X=1207.042 Y=1793.457 Z=154.689), Max=(X=1383.588 Y=1807.118 Z=168.350) RuntimeGrid:None EditorOnly:0 RuntimeOnly:0 HLODRelevant:1
 |   |   |- [+] [ 52]
 |   |   |   |- Guid:1346C95B40049564000A609723CA747C BaseClass: NativeClass:/Script/Engine.StaticMeshActor Name:StaticMeshActor_UAID_244BFE5C2532326701_1193824743 Label:Cylinder20 SpatiallyLoaded:1 Bounds:IsValid=true, Min=(X=1034.430 Y=1793.457 Z=154.689), Max=(X=1210.976 Y=1807.118 Z=168.350) RuntimeGrid:None EditorOnly:0 RuntimeOnly:0 HLODRelevant:1
 |   |   |- [+] [ 53]
 |   |   |   |- Guid:142BC0434F16822515CBA1A350BBD153 BaseClass: NativeClass:/Script/Engine.StaticMeshActor Name:StaticMeshActor_UAID_244BFE5C2532326701_1197726744 Label:Cylinder21 SpatiallyLoaded:1 Bounds:IsValid=true, Min=(X=859.869 Y=1793.457 Z=154.689), Max=(X=1036.415 Y=1807.118 Z=168.350) RuntimeGrid:None EditorOnly:0 RuntimeOnly:0 HLODRelevant:1
 |   |   |- [+] [ 54]
 |   |   |   |- Guid:069E191642A1095304A915893A996D33 BaseClass: NativeClass:/Script/Engine.StaticMeshActor Name:StaticMeshActor_UAID_244BFE5C2532326701_1201077745 Label:Cylinder22 SpatiallyLoaded:1 Bounds:IsValid=true, Min=(X=686.024 Y=1793.457 Z=154.689), Max=(X=862.570 Y=1807.118 Z=168.350) RuntimeGrid:None EditorOnly:0 RuntimeOnly:0 HLODRelevant:1
 |   |   |- [+] [ 55]
 |   |   |   |- Guid:9CDA1FFC4F7F88D59C96C69306FC4EC9 BaseClass: NativeClass:/Script/Engine.StaticMeshActor Name:StaticMeshActor_UAID_244BFE5C2532326701_1205036746 Label:Cylinder23 SpatiallyLoaded:1 Bounds:IsValid=true, Min=(X=511.624 Y=1793.457 Z=154.689), Max=(X=688.170 Y=1807.118 Z=168.350) RuntimeGrid:None EditorOnly:0 RuntimeOnly:0 HLODRelevant:1
 |   |   |- [+] [ 56]
 |   |   |   |- Guid:71259340455BEFFDA88352A0E90DAA7D BaseClass: NativeClass:/Script/Engine.StaticMeshActor Name:StaticMeshActor_UAID_244BFE5C2532326701_1212653747 Label:Cylinder24 SpatiallyLoaded:1 Bounds:IsValid=true, Min=(X=336.533 Y=1793.457 Z=154.689), Max=(X=513.079 Y=1807.118 Z=168.350) RuntimeGrid:None EditorOnly:0 RuntimeOnly:0 HLODRelevant:1
 |   |   |- [+] [ 57]
 |   |   |   |- Guid:15032B3846135AC6258B08B52AFB2ABF BaseClass: NativeClass:/Script/Engine.StaticMeshActor Name:StaticMeshActor_UAID_244BFE5C2532326701_1215439748 Label:Cylinder25 SpatiallyLoaded:1 Bounds:IsValid=true, Min=(X=161.002 Y=1793.457 Z=154.689), Max=(X=337.548 Y=1807.118 Z=168.350) RuntimeGrid:None EditorOnly:0 RuntimeOnly:0 HLODRelevant:1
 |   |   |- [+] [ 58]
 |   |   |   |- Guid:EFDF4BAF468ACF91B13E73B6800DBD24 BaseClass: NativeClass:/Script/Engine.StaticMeshActor Name:StaticMeshActor_UAID_244BFE5C2532326701_1219926749 Label:Cylinder26 SpatiallyLoaded:1 Bounds:IsValid=true, Min=(X=-13.322 Y=1793.457 Z=154.689), Max=(X=163.224 Y=1807.118 Z=168.350) RuntimeGrid:None EditorOnly:0 RuntimeOnly:0 HLODRelevant:1
 |   |   |- [+] [ 59]
 |   |   |   |- Guid:EDFA3A0A406A1AA2A5E3F58B93C310B6 BaseClass: NativeClass:/Script/Engine.StaticMeshActor Name:StaticMeshActor_UAID_244BFE5C2532336701_1851473926 Label:slide SpatiallyLoaded:1 Bounds:IsValid=true, Min=(X=-237.800 Y=-616.714 Z=444.228), Max=(X=-237.800 Y=-616.714 Z=444.228) RuntimeGrid:None EditorOnly:0 RuntimeOnly:0 HLODRelevant:0
 |- ContainerInstances:
 |- [+] MainContainer:
 |   |-        ID: 0x0000000000000000
 |   |-    Bounds: IsValid=false, Min=(X=0.000 Y=0.000 Z=0.000), Max=(X=0.000 Y=0.000 Z=0.000)
 |   |- Transform: 0.000000,0.000000,0.000000|0.000000,0.000000,-0.000000|1.000000,1.000000,1.000000
 |   |- Container: /Game/ThirdPerson/Maps/ThirdPersonMap
----------------------------------------------------------------------------------------------------------------
ThirdPersonMap - Persistent Level
----------------------------------------------------------------------------------------------------------------
Always loaded Actor Count: 67 

----------------------------------------------------------------------------------------------------------------
ThirdPersonMap - Runtime Spatial Hash - Streaming Grid - MainGrid
----------------------------------------------------------------------------------------------------------------
            Origin: X=0.000 Y=0.000 Z=0.000
         Cell Size: 12800
      World Bounds: IsValid=false, Min=(X=0.000 Y=0.000 Z=0.000), Max=(X=0.000 Y=0.000 Z=0.000)
     Loading Range: 25600.00
Block Slow Loading: No
 ClientOnlyVisible: No

[+] Grid Levels: 1
 |- Level  0: Cell Count    0 | Cell Size   12800 | Actor Count    0 (0.0%)

[+] Content of Grid Level 0

