[+] Containers:
 |- [+] Container: /Game/ThirdPerson/Maps/ThirdPersonMap
 |   |- [+] ActorDescs:
 |   |   |- Guid:0118990348236C4D17C6719BD6F6F2AC BaseClass: NativeClass:/Script/Engine.RectLight Name:RectLight_UAID_244BFE5C2532D36801_1491170160 Label:RectLight2 SpatiallyLoaded:1 Bounds:IsValid=true, Min=(X=1903.291 Y=1069.510 Z=-367.772), Max=(X=3903.291 Y=3069.510 Z=1632.228) RuntimeGrid:None EditorOnly:0 RuntimeOnly:0 HLODRelevant:0
 |   |   |- Guid:020A07F741677C6A674C058B6BA19043 BaseClass: NativeClass:/Script/Engine.PointLight Name:PointLight_UAID_B42E9937A9F3E16801_1841598583 Label:PointLight2 SpatiallyLoaded:1 Bounds:IsValid=true, Min=(X=-1169.851 Y=-296.938 Z=-2002.181), Max=(X=4121.046 Y=4993.959 Z=3288.716) RuntimeGrid:None EditorOnly:0 RuntimeOnly:0 HLODRelevant:0
 |   |   |- Guid:02D95A55417E1C9A2BC030B063FC8965 BaseClass: NativeClass:/Script/Engine.BlockingVolume Name:BlockingVolume_UAID_244BFE5C25327A6801_1413665459 Label:BlockingVolume2 SpatiallyLoaded:1 Bounds:IsValid=true, Min=(X=-107.987 Y=3503.262 Z=-230.646), Max=(X=3117.013 Y=7828.262 Z=1744.354) RuntimeGrid:None EditorOnly:0 RuntimeOnly:0 HLODRelevant:0
 |   |   |- Guid:0444FB8A407257E8710C279F8EDAE461 BaseClass: NativeClass:/Script/Engine.BlockingVolume Name:BlockingVolume_UAID_244BFE5C25327A6801_1419491460 Label:BlockingVolume3 SpatiallyLoaded:1 Bounds:IsValid=true, Min=(X=3037.009 Y=-4278.082 Z=-230.646), Max=(X=6262.009 Y=7871.918 Z=1744.354) RuntimeGrid:None EditorOnly:0 RuntimeOnly:0 HLODRelevant:0
 |   |   |- Guid:0C680C0D46F32E51687ADEB2FA0A0ACA BaseClass: NativeClass:/Script/Engine.StaticMeshActor Name:StaticMeshActor_UAID_244BFE5C2532326701_1148639735 Label:Cylinder12 SpatiallyLoaded:1 Bounds:IsValid=true, Min=(X=647.368 Y=1363.093 Z=150.991), Max=(X=823.914 Y=1379.639 Z=167.537) RuntimeGrid:None EditorOnly:0 RuntimeOnly:0 HLODRelevant:1
 |   |   |- Guid:0EF5CEF94E2B006E5FB19A8B7EC60ABD BaseClass: NativeClass:/Script/Engine.StaticMeshActor Name:StaticMeshActor_UAID_244BFE5C2532CD6801_2105321064 Label:Cylinder28 SpatiallyLoaded:1 Bounds:IsValid=true, Min=(X=1612.689 Y=2490.177 Z=-11.645), Max=(X=1629.235 Y=2506.723 Z=164.901) RuntimeGrid:None EditorOnly:0 RuntimeOnly:0 HLODRelevant:1
 |   |   |- Guid:12E1A8B24DE9D39BDF65E298FD355A61 BaseClass: NativeClass:/Script/Engine.StaticMeshActor Name:StaticMeshActor_UAID_244BFE5C2532CD6801_2105322065 Label:SM_Cube14 SpatiallyLoaded:1 Bounds:IsValid=true, Min=(X=-49.817 Y=2496.628 Z=-40.000), Max=(X=1625.183 Y=2499.777 Z=160.000) RuntimeGrid:None EditorOnly:0 RuntimeOnly:0 HLODRelevant:1
 |   |   |- Guid:1512B66C47049568AD1998929E7D0870 BaseClass: NativeClass:/Script/Engine.StaticMeshActor Name:StaticMeshActor_UAID_244BFE5C2532326701_1140694733 Label:Cylinder10 SpatiallyLoaded:1 Bounds:IsValid=true, Min=(X=994.770 Y=1363.093 Z=150.991), Max=(X=1171.316 Y=1379.639 Z=167.537) RuntimeGrid:None EditorOnly:0 RuntimeOnly:0 HLODRelevant:1
 |   |   |- Guid:17029C9742EFEB9C6972589C5656112B BaseClass:/Game/Blueprints/CubeBlueprint.CubeBlueprint_C NativeClass:/Script/Engine.Actor Name:CubeBlueprint_C_UAID_B42E9937A9F3296701_1397018172 Label:CubeBlueprint SpatiallyLoaded:1 Bounds:IsValid=true, Min=(X=518.000 Y=2938.000 Z=186.000), Max=(X=582.000 Y=3002.000 Z=314.000) RuntimeGrid:None EditorOnly:0 RuntimeOnly:0 HLODRelevant:0
 |   |   |- Guid:17E68ED44375A9B91D71BEA6400E0F7D BaseClass: NativeClass:/Script/Engine.StaticMeshActor Name:StaticMeshActor_UAID_244BFE5C2532CE6801_1297976263 Label:Cylinder17 SpatiallyLoaded:1 Bounds:IsValid=true, Min=(X=1600.115 Y=783.643 Z=150.991), Max=(X=1776.661 Y=800.190 Z=167.537) RuntimeGrid:None EditorOnly:0 RuntimeOnly:0 HLODRelevant:1
 |   |   |- Guid:188F9A99407509D25D1B6BA337870E51 BaseClass: NativeClass:/Script/Engine.RectLight Name:RectLight_UAID_244BFE5C2532D36801_1480679159 Label:RectLight SpatiallyLoaded:1 Bounds:IsValid=true, Min=(X=-941.709 Y=93.102 Z=-350.411), Max=(X=1058.291 Y=2093.102 Z=1649.589) RuntimeGrid:None EditorOnly:0 RuntimeOnly:0 HLODRelevant:0
 |   |   |- Guid:1A789DC8415097E9856E5DB60740F01D BaseClass: NativeClass:/Script/Engine.StaticMeshActor Name:StaticMeshActor_34 Label:SM_QuarterCylinder13 SpatiallyLoaded:1 Bounds:IsValid=true, Min=(X=2628.740 Y=-44.697 Z=-20.000), Max=(X=2910.506 Y=237.070 Z=230.000) RuntimeGrid:None EditorOnly:0 RuntimeOnly:0 HLODRelevant:1
 |   |   |- Guid:1CE38BBA44510C443E654CA39E3157D5 BaseClass: NativeClass:/Script/Engine.WorldDataLayers Name:WorldDataLayers Label:WorldDataLayers SpatiallyLoaded:0 Bounds:IsValid=true, Min=(X=0.000 Y=0.000 Z=0.000), Max=(X=0.000 Y=0.000 Z=0.000) RuntimeGrid:None EditorOnly:0 RuntimeOnly:0 HLODRelevant:0
 |   |   |- Guid:1EB6ECAF4740FF415B4D63BFD557467B BaseClass: NativeClass:/Script/Engine.StaticMeshActor Name:StaticMeshActor_UAID_244BFE5C2532CE6801_1081112255 Label:Cylinder41 SpatiallyLoaded:1 Bounds:IsValid=true, Min=(X=2876.750 Y=1922.546 Z=154.689), Max=(X=3053.296 Y=1936.207 Z=168.350) RuntimeGrid:None EditorOnly:0 RuntimeOnly:0 HLODRelevant:1
 |   |   |- Guid:226D57894EF7374D25945E8DF47F41A7 BaseClass: NativeClass:/Script/Engine.StaticMeshActor Name:StaticMeshActor_UAID_244BFE5C2532CE6801_1297983269 Label:Cylinder20 SpatiallyLoaded:1 Bounds:IsValid=true, Min=(X=1424.975 Y=783.643 Z=150.991), Max=(X=1601.521 Y=800.190 Z=167.537) RuntimeGrid:None EditorOnly:0 RuntimeOnly:0 HLODRelevant:1
 |   |   |- Guid:25ABF18845AEE69BF4894CA087616EAA BaseClass: NativeClass:/Script/Engine.StaticMeshActor Name:StaticMeshActor_UAID_244BFE5C2532CE6801_1081114257 Label:Cylinder43 SpatiallyLoaded:1 Bounds:IsValid=true, Min=(X=1828.998 Y=1922.546 Z=154.689), Max=(X=2005.544 Y=1936.207 Z=168.350) RuntimeGrid:None EditorOnly:0 RuntimeOnly:0 HLODRelevant:1
 |   |   |- Guid:27C8409147697F6193A636A68E0BD74B BaseClass: NativeClass:/Script/Engine.StaticMeshActor Name:StaticMeshActor_UAID_244BFE5C2532CE6801_1297984270 Label:Cylinder21 SpatiallyLoaded:1 Bounds:IsValid=true, Min=(X=2817.228 Y=783.643 Z=150.991), Max=(X=2993.774 Y=800.190 Z=167.537) RuntimeGrid:None EditorOnly:0 RuntimeOnly:0 HLODRelevant:1
 |   |   |- Guid:289D97994A8B680547D6FEABD51E22A5 BaseClass: NativeClass:/Script/Engine.BlockingVolume Name:BlockingVolume_UAID_244BFE5C25327A6801_1424134461 Label:BlockingVolume4 SpatiallyLoaded:1 Bounds:IsValid=true, Min=(X=-3228.023 Y=-4278.082 Z=-230.646), Max=(X=-3.023 Y=7871.918 Z=1744.354) RuntimeGrid:None EditorOnly:0 RuntimeOnly:0 HLODRelevant:0
 |   |   |- Guid:2A92B5A0482578663E869191EA9F9F6A BaseClass: NativeClass:/Script/Engine.StaticMeshActor Name:StaticMeshActor_UAID_B42E9937A9F31F6701_1463886389 Label:SM_Ramp4 SpatiallyLoaded:1 Bounds:IsValid=true, Min=(X=190.000 Y=2520.000 Z=0.000), Max=(X=590.000 Y=2720.000 Z=200.000) RuntimeGrid:None EditorOnly:0 RuntimeOnly:0 HLODRelevant:1
 |   |   |- Guid:2C3AB2704FEB671BFE68C89A2712ECD3 BaseClass: NativeClass:/Script/Engine.StaticMeshActor Name:StaticMeshActor_UAID_B42E9937A9F3296701_1133873170 Label:SM_Cube13 SpatiallyLoaded:1 Bounds:IsValid=true, Min=(X=16.178 Y=1369.544 Z=-40.000), Max=(X=1691.178 Y=1372.693 Z=160.000) RuntimeGrid:None EditorOnly:0 RuntimeOnly:0 HLODRelevant:1
 |   |   |- Guid:2D9DF2BB4234327DFB423EBF7371E930 BaseClass: NativeClass:/Script/Engine.StaticMeshActor Name:StaticMeshActor_UAID_244BFE5C2532CE6801_1297981267 Label:Cylinder18 SpatiallyLoaded:1 Bounds:IsValid=true, Min=(X=2120.742 Y=783.643 Z=150.991), Max=(X=2297.288 Y=800.190 Z=167.537) RuntimeGrid:None EditorOnly:0 RuntimeOnly:0 HLODRelevant:1
 |   |   |- Guid:2FB58999456391D349DC0F86DAC136ED BaseClass: NativeClass:/Script/Engine.SkyLight Name:SkyLight_1 Label:SkyLight SpatiallyLoaded:0 Bounds:IsValid=true, Min=(X=0.000 Y=0.000 Z=690.000), Max=(X=0.000 Y=0.000 Z=690.000) RuntimeGrid:None EditorOnly:0 RuntimeOnly:0 HLODRelevant:0
 |   |   |- Guid:316CF2A6494ACA4C0E4180A87D36AB8F BaseClass: NativeClass:/Script/Engine.ExponentialHeightFog Name:ExponentialHeightFog_0 Label:ExponentialHeightFog SpatiallyLoaded:0 Bounds:IsValid=true, Min=(X=-5600.000 Y=-50.000 Z=-6850.000), Max=(X=-5600.000 Y=-50.000 Z=-6850.000) RuntimeGrid:None EditorOnly:0 RuntimeOnly:0 HLODRelevant:0
 |   |   |- Guid:3215618947BB2157168832B6CBD9B9B2 BaseClass: NativeClass:/Script/Engine.StaticMeshActor Name:StaticMeshActor_UAID_B42E9937A9F3276701_2022270811 Label:Cylinder SpatiallyLoaded:1 Bounds:IsValid=true, Min=(X=2699.042 Y=1969.387 Z=541.228), Max=(X=3034.452 Y=2150.614 Z=775.962) RuntimeGrid:None EditorOnly:0 RuntimeOnly:0 HLODRelevant:1
 |   |   |- Guid:3A00AA1C422CE54C0BDB60BAF471BFBB BaseClass: NativeClass:/Script/Engine.PlayerStart Name:PlayerStart_0 Label:PlayerStart SpatiallyLoaded:0 Bounds:IsValid=true, Min=(X=2743.647 Y=143.647 Z=240.013), Max=(X=2856.353 Y=256.353 Z=424.013) RuntimeGrid:None EditorOnly:0 RuntimeOnly:0 HLODRelevant:0
 |   |   |- Guid:3B55D8C041D6993F183822A223670867 BaseClass: NativeClass:/Script/Engine.StaticMeshActor Name:StaticMeshActor_UAID_244BFE5C2532CD6801_2105327071 Label:Cylinder34 SpatiallyLoaded:1 Bounds:IsValid=true, Min=(X=1451.100 Y=2490.177 Z=150.991), Max=(X=1627.646 Y=2506.723 Z=167.537) RuntimeGrid:None EditorOnly:0 RuntimeOnly:0 HLODRelevant:1
 |   |   |- Guid:3E60C36242F3BA43A4B977955E537582 BaseClass: NativeClass:/Script/Engine.StaticMeshActor Name:StaticMeshActor_UAID_244BFE5C2532CD6801_2105324067 Label:Cylinder30 SpatiallyLoaded:1 Bounds:IsValid=true, Min=(X=232.751 Y=2490.177 Z=150.991), Max=(X=409.297 Y=2506.723 Z=167.537) RuntimeGrid:None EditorOnly:0 RuntimeOnly:0 HLODRelevant:1
 |   |   |- Guid:40C877DD44BD4ED005F007A8DB221598 BaseClass: NativeClass:/Script/Engine.StaticMeshActor Name:StaticMeshActor_UAID_B42E9937A9F3286701_2038951991 Label:Plane SpatiallyLoaded:1 Bounds:IsValid=true, Min=(X=2739.984 Y=1997.500 Z=568.499), Max=(X=2887.705 Y=2122.500 Z=594.546) RuntimeGrid:None EditorOnly:0 RuntimeOnly:0 HLODRelevant:1
 |   |   |- Guid:43815E84492231AFC407F59E3C28176B BaseClass: NativeClass:/Script/Engine.StaticMeshActor Name:StaticMeshActor_4 Label:SM_Cube6 SpatiallyLoaded:1 Bounds:IsValid=true, Min=(X=2900.000 Y=100.000 Z=-33.221), Max=(X=3000.000 Y=3400.000 Z=782.353) RuntimeGrid:None EditorOnly:0 RuntimeOnly:0 HLODRelevant:1
 |   |   |- Guid:442A5E764C367A4E967B79A93F199770 BaseClass: NativeClass:/Script/Engine.BlockingVolume Name:BlockingVolume_UAID_244BFE5C25327A6801_1361162457 Label:BlockingVolume SpatiallyLoaded:1 Bounds:IsValid=true, Min=(X=-107.987 Y=-4326.257 Z=-230.646), Max=(X=3117.013 Y=-1.257 Z=1744.354) RuntimeGrid:None EditorOnly:0 RuntimeOnly:0 HLODRelevant:0
 |   |   |- Guid:46FC885E439356782D8610B1F2BA80DD BaseClass: NativeClass:/Script/Engine.StaticMeshActor Name:StaticMeshActor_UAID_B42E9937A9F3286701_2084162992 Label:Plane2 SpatiallyLoaded:1 Bounds:IsValid=true, Min=(X=25.316 Y=967.500 Z=542.101), Max=(X=333.068 Y=1092.500 Z=596.366) RuntimeGrid:None EditorOnly:0 RuntimeOnly:0 HLODRelevant:1
 |   |   |- Guid:479CA5664CCE710E1AE5D89BC3193B30 BaseClass: NativeClass:/Script/Engine.StaticMeshActor Name:StaticMeshActor_UAID_244BFE5C2532CD6801_2105328072 Label:Cylinder35 SpatiallyLoaded:1 Bounds:IsValid=true, Min=(X=928.706 Y=2490.177 Z=150.991), Max=(X=1105.252 Y=2506.723 Z=167.537) RuntimeGrid:None EditorOnly:0 RuntimeOnly:0 HLODRelevant:1
 |   |   |- Guid:490CF1A5452C64CE910305B39BDDC602 BaseClass: NativeClass:/Script/Engine.StaticMeshActor Name:StaticMeshActor_UAID_244BFE5C2532CE6801_1297979265 Label:Cylinder6 SpatiallyLoaded:1 Bounds:IsValid=true, Min=(X=1249.426 Y=783.643 Z=-11.645), Max=(X=1265.972 Y=800.190 Z=164.901) RuntimeGrid:None EditorOnly:0 RuntimeOnly:0 HLODRelevant:1
 |   |   |- Guid:4B4D372340E033A1F38511BC626369CB BaseClass: NativeClass:/Script/Engine.StaticMeshActor Name:StaticMeshActor_UAID_244BFE5C2532CD6801_2105329073 Label:Cylinder36 SpatiallyLoaded:1 Bounds:IsValid=true, Min=(X=406.326 Y=2490.177 Z=150.991), Max=(X=582.872 Y=2506.723 Z=167.537) RuntimeGrid:None EditorOnly:0 RuntimeOnly:0 HLODRelevant:1
 |   |   |- Guid:4D3BE93F4146AAAC8BBE79999D96D57F BaseClass: NativeClass:/Script/Engine.VolumetricCloud Name:VolumetricCloud_0 Label:VolumetricCloud SpatiallyLoaded:0 Bounds:IsValid=true, Min=(X=0.000 Y=0.000 Z=820.000), Max=(X=0.000 Y=0.000 Z=820.000) RuntimeGrid:None EditorOnly:0 RuntimeOnly:0 HLODRelevant:0
 |   |   |- Guid:52546E3D46EA18EF8A686D9AA27A907B BaseClass: NativeClass:/Script/Engine.PointLight Name:PointLight_UAID_244BFE5C2532D36801_1515322161 Label:PointLight SpatiallyLoaded:1 Bounds:IsValid=true, Min=(X=-1169.851 Y=-1617.193 Z=-2002.181), Max=(X=4121.046 Y=3673.704 Z=3288.716) RuntimeGrid:None EditorOnly:0 RuntimeOnly:0 HLODRelevant:0
 |   |   |- Guid:5276F58E460723583DFA17861FF4CFF5 BaseClass: NativeClass:/Script/Engine.StaticMeshActor Name:StaticMeshActor_UAID_244BFE5C2532326701_1145198734 Label:Cylinder11 SpatiallyLoaded:1 Bounds:IsValid=true, Min=(X=821.821 Y=1363.093 Z=150.991), Max=(X=998.367 Y=1379.639 Z=167.537) RuntimeGrid:None EditorOnly:0 RuntimeOnly:0 HLODRelevant:1
 |   |   |- Guid:55C5E01D4E8CD043266A46BA721C9C31 BaseClass: NativeClass:/Script/Engine.StaticMeshActor Name:StaticMeshActor_UAID_B42E9937A9F31F6701_1463886390 Label:SM_Cube13 SpatiallyLoaded:1 Bounds:IsValid=true, Min=(X=90.000 Y=2520.000 Z=0.000), Max=(X=190.000 Y=2720.000 Z=100.000) RuntimeGrid:None EditorOnly:0 RuntimeOnly:0 HLODRelevant:1
 |   |   |- Guid:5B97F4A64FB21F77EFC44386BF705B4C BaseClass: NativeClass:/Script/Engine.TextRenderActor Name:TextRenderActor_1 Label:TextRenderActor SpatiallyLoaded:1 Bounds:IsValid=true, Min=(X=-0.100 Y=1100.000 Z=65.013), Max=(X=-0.100 Y=2392.308 Z=215.013) RuntimeGrid:None EditorOnly:0 RuntimeOnly:0 HLODRelevant:0
 |   |   |- Guid:5E4DB4154690C8B4EB14EAA9E92FAAFF BaseClass: NativeClass:/Script/Engine.StaticMeshActor Name:StaticMeshActor_33 Label:SM_QuarterCylinder12 SpatiallyLoaded:1 Bounds:IsValid=true, Min=(X=2500.183 Y=108.512 Z=-20.000), Max=(X=2781.949 Y=390.279 Z=230.000) RuntimeGrid:None EditorOnly:0 RuntimeOnly:0 HLODRelevant:1
 |   |   |- Guid:5FA70CA64C6CBB22B4125F860DF8BD47 BaseClass: NativeClass:/Script/Engine.StaticMeshActor Name:StaticMeshActor_UAID_244BFE5C2532CE6801_1081110253 Label:Cylinder40 SpatiallyLoaded:1 Bounds:IsValid=true, Min=(X=2526.895 Y=1922.546 Z=154.689), Max=(X=2703.441 Y=1936.207 Z=168.350) RuntimeGrid:None EditorOnly:0 RuntimeOnly:0 HLODRelevant:1
 |   |   |- Guid:60C812424623B7890D38C0B5058DC96E BaseClass: NativeClass:/Script/Engine.StaticMeshActor Name:StaticMeshActor_UAID_B42E9937A9F32B6701_1512167530 Label:Cylinder4 SpatiallyLoaded:1 Bounds:IsValid=true, Min=(X=531.062 Y=2951.062 Z=283.079), Max=(X=568.938 Y=2988.938 Z=308.079) RuntimeGrid:None EditorOnly:0 RuntimeOnly:0 HLODRelevant:1
 |   |   |- Guid:6530B0874F57B010823A639C41BD0261 BaseClass: NativeClass:/Script/Engine.StaticMeshActor Name:StaticMeshActor_UAID_244BFE5C2532CD6801_2105319063 Label:Cylinder27 SpatiallyLoaded:1 Bounds:IsValid=true, Min=(X=1102.000 Y=2490.177 Z=150.991), Max=(X=1278.546 Y=2506.723 Z=167.537) RuntimeGrid:None EditorOnly:0 RuntimeOnly:0 HLODRelevant:1
 |   |   |- Guid:68A6182F42E2CA2E928226960CB21A42 BaseClass: NativeClass:/Script/Engine.StaticMeshActor Name:StaticMeshActor_UAID_B42E9937A9F32B6701_1481568529 Label:Cylinder3 SpatiallyLoaded:1 Bounds:IsValid=true, Min=(X=525.000 Y=2945.000 Z=277.500), Max=(X=575.000 Y=2995.000 Z=302.500) RuntimeGrid:None EditorOnly:0 RuntimeOnly:0 HLODRelevant:1
 |   |   |- Guid:69CAB99140D3664DB07EBB91ED30A5E8 BaseClass: NativeClass:/Script/Engine.StaticMeshActor Name:StaticMeshActor_UAID_244BFE5C2532326701_1132030731 Label:Cylinder8 SpatiallyLoaded:1 Bounds:IsValid=true, Min=(X=1343.135 Y=1363.093 Z=150.991), Max=(X=1519.681 Y=1379.639 Z=167.537) RuntimeGrid:None EditorOnly:0 RuntimeOnly:0 HLODRelevant:1
 |   |   |- Guid:7456D70745B8268264ACF584C673D384 BaseClass: NativeClass:/Script/Engine.StaticMeshActor Name:StaticMeshActor_UAID_244BFE5C2532CE6801_1081106250 Label:Cylinder37 SpatiallyLoaded:1 Bounds:IsValid=true, Min=(X=1656.386 Y=1922.546 Z=154.689), Max=(X=1832.932 Y=1936.207 Z=168.350) RuntimeGrid:None EditorOnly:0 RuntimeOnly:0 HLODRelevant:1
 |   |   |- Guid:77F908D8457DA2A392ACDB8C0BBE59A8 BaseClass: NativeClass:/Script/Engine.StaticMeshActor Name:StaticMeshActor_UAID_244BFE5C2532CD6801_2105323066 Label:Cylinder29 SpatiallyLoaded:1 Bounds:IsValid=true, Min=(X=581.305 Y=2490.177 Z=150.991), Max=(X=757.851 Y=2506.723 Z=167.537) RuntimeGrid:None EditorOnly:0 RuntimeOnly:0 HLODRelevant:1
 |   |   |- Guid:7871A96D49077746C713FFA1C480B0B1 BaseClass: NativeClass:/Script/Engine.StaticMeshActor Name:StaticMeshActor_UAID_244BFE5C2532CE6801_1297982268 Label:Cylinder19 SpatiallyLoaded:1 Bounds:IsValid=true, Min=(X=2469.295 Y=783.643 Z=150.991), Max=(X=2645.841 Y=800.190 Z=167.537) RuntimeGrid:None EditorOnly:0 RuntimeOnly:0 HLODRelevant:1
 |   |   |- Guid:7A07B16C49E23D4C44558B98664D94B9 BaseClass: NativeClass:/Script/Engine.StaticMeshActor Name:StaticMeshActor_UAID_244BFE5C2532CE6801_1297990275 Label:Cylinder26 SpatiallyLoaded:1 Bounds:IsValid=true, Min=(X=2295.721 Y=783.643 Z=150.991), Max=(X=2472.267 Y=800.190 Z=167.537) RuntimeGrid:None EditorOnly:0 RuntimeOnly:0 HLODRelevant:1
 |   |   |- Guid:7BB8B44C40C7298CB3C83CBC9A255036 BaseClass: NativeClass:/Script/Engine.StaticMeshActor Name:StaticMeshActor_UAID_244BFE5C2532CE6801_1081109252 Label:Cylinder39 SpatiallyLoaded:1 Bounds:IsValid=true, Min=(X=2003.559 Y=1922.546 Z=154.689), Max=(X=2180.105 Y=1936.207 Z=168.350) RuntimeGrid:None EditorOnly:0 RuntimeOnly:0 HLODRelevant:1
 |   |   |- Guid:8332C80641E9BF68265B709858DB5CAA BaseClass: NativeClass:/Script/Engine.StaticMeshActor Name:StaticMeshActor_UAID_244BFE5C2532D36801_1440241157 Label:SM_Cube7 SpatiallyLoaded:1 Bounds:IsValid=true, Min=(X=0.000 Y=-0.000 Z=775.229), Max=(X=3000.000 Y=3500.000 Z=825.229) RuntimeGrid:None EditorOnly:0 RuntimeOnly:0 HLODRelevant:1
 |   |   |- Guid:8DD607D446CB6A3B04D5029E3F9D7BD3 BaseClass: NativeClass:/Script/Engine.StaticMeshActor Name:StaticMeshActor_UAID_244BFE5C2532316701_1194964551 Label:Cylinder5 SpatiallyLoaded:1 Bounds:IsValid=true, Min=(X=1678.683 Y=1363.093 Z=-11.645), Max=(X=1695.230 Y=1379.639 Z=164.901) RuntimeGrid:None EditorOnly:0 RuntimeOnly:0 HLODRelevant:1
 |   |   |- Guid:8E3BD1C34C23A4E521B189BDF1F244B4 BaseClass: NativeClass:/Script/Engine.StaticMeshActor Name:StaticMeshActor_UAID_244BFE5C2532326701_1136267732 Label:Cylinder9 SpatiallyLoaded:1 Bounds:IsValid=true, Min=(X=1167.995 Y=1363.093 Z=150.991), Max=(X=1344.541 Y=1379.639 Z=167.537) RuntimeGrid:None EditorOnly:0 RuntimeOnly:0 HLODRelevant:1
 |   |   |- Guid:9120EFFC424A5E758D23CA9A0C6D9AB7 BaseClass: NativeClass:/Script/Engine.StaticMeshActor Name:StaticMeshActor_UAID_B42E9937A9F31F6701_1463884388 Label:SM_Cube12 SpatiallyLoaded:1 Bounds:IsValid=true, Min=(X=90.000 Y=2520.000 Z=100.000), Max=(X=190.000 Y=2720.000 Z=200.000) RuntimeGrid:None EditorOnly:0 RuntimeOnly:0 HLODRelevant:1
 |   |   |- Guid:94F6D9A645798F5BAD0B58BEED8F27F5 BaseClass: NativeClass:/Script/Engine.StaticMeshActor Name:StaticMeshActor_32 Label:SM_QuarterCylinder11 SpatiallyLoaded:1 Bounds:IsValid=true, Min=(X=2653.391 Y=237.070 Z=-20.000), Max=(X=2935.158 Y=518.836 Z=230.000) RuntimeGrid:None EditorOnly:0 RuntimeOnly:0 HLODRelevant:1
 |   |   |- Guid:961864A84FF6F65B68F2A3BE5819D538 BaseClass: NativeClass:/Script/Engine.StaticMeshActor Name:StaticMeshActor_8 Label:SM_Cube4 SpatiallyLoaded:1 Bounds:IsValid=true, Min=(X=90.000 Y=2720.000 Z=-154.774), Max=(X=590.000 Y=3220.000 Z=202.593) RuntimeGrid:None EditorOnly:0 RuntimeOnly:0 HLODRelevant:1
 |   |   |- Guid:9963D20540F7294069E29A9C5082EA4C BaseClass: NativeClass:/Script/Engine.StaticMeshActor Name:StaticMeshActor_UAID_244BFE5C2532CE6801_1297987273 Label:Cylinder24 SpatiallyLoaded:1 Bounds:IsValid=true, Min=(X=1251.015 Y=783.643 Z=150.991), Max=(X=1427.561 Y=800.190 Z=167.537) RuntimeGrid:None EditorOnly:0 RuntimeOnly:0 HLODRelevant:1
 |   |   |- Guid:9CEE70354BF588D3FA5791A40EEB57CA BaseClass: NativeClass:/Script/Engine.StaticMeshActor Name:StaticMeshActor_UAID_244BFE5C2532CE6801_1081117261 Label:Cylinder47 SpatiallyLoaded:1 Bounds:IsValid=true, Min=(X=2177.404 Y=1922.546 Z=154.689), Max=(X=2353.950 Y=1936.207 Z=168.350) RuntimeGrid:None EditorOnly:0 RuntimeOnly:0 HLODRelevant:1
 |   |   |- Guid:A31876214FD879E7F03BB6851B24A65D BaseClass: NativeClass:/Script/Engine.TriggerBox Name:TriggerBox_UAID_B42E9937A9F31F6701_1991581391 Label:TriggerBox SpatiallyLoaded:1 Bounds:IsValid=true, Min=(X=1392.500 Y=1653.750 Z=730.000), Max=(X=1587.500 Y=1806.250 Z=810.000) RuntimeGrid:None EditorOnly:0 RuntimeOnly:0 HLODRelevant:0
 |   |   |- Guid:A56216954B2165CF0F35A886B537D536 BaseClass: NativeClass:/Script/Engine.StaticMeshActor Name:StaticMeshActor_0 Label:SM_Cube5 SpatiallyLoaded:1 Bounds:IsValid=true, Min=(X=-0.000 Y=100.000 Z=-33.221), Max=(X=100.000 Y=3400.000 Z=782.353) RuntimeGrid:None EditorOnly:0 RuntimeOnly:0 HLODRelevant:1
 |   |   |- Guid:AB54F3F54BC012EC1194508F774FC368 BaseClass: NativeClass:/Script/Engine.StaticMeshActor Name:StaticMeshActor_UAID_244BFE5C2532CE6801_1081111254 Label:SM_Cube19 SpatiallyLoaded:1 Bounds:IsValid=true, Min=(X=1308.148 Y=1928.049 Z=-40.000), Max=(X=2983.148 Y=1931.199 Z=160.000) RuntimeGrid:None EditorOnly:0 RuntimeOnly:0 HLODRelevant:1
 |   |   |- Guid:AB74120142217676C6EC818E6B49412B BaseClass: NativeClass:/Script/Engine.StaticMeshActor Name:StaticMeshActor_15 Label:SM_Cube10 SpatiallyLoaded:1 Bounds:IsValid=true, Min=(X=90.000 Y=3220.000 Z=100.000), Max=(X=190.000 Y=3420.000 Z=200.000) RuntimeGrid:None EditorOnly:0 RuntimeOnly:0 HLODRelevant:1
 |   |   |- Guid:AD5F5600426FAB42A5032CA3245AC111 BaseClass: NativeClass:/Script/Engine.StaticMeshActor Name:StaticMeshActor_UAID_244BFE5C2532CE6801_1297985271 Label:Cylinder22 SpatiallyLoaded:1 Bounds:IsValid=true, Min=(X=1946.288 Y=783.643 Z=150.991), Max=(X=2122.834 Y=800.190 Z=167.537) RuntimeGrid:None EditorOnly:0 RuntimeOnly:0 HLODRelevant:1
 |   |   |- Guid:AFC2DF7A4FC59C65083ACEB929ED5DD3 BaseClass: NativeClass:/Script/Engine.StaticMeshActor Name:StaticMeshActor_UAID_244BFE5C2532326701_1152462736 Label:Cylinder13 SpatiallyLoaded:1 Bounds:IsValid=true, Min=(X=472.389 Y=1363.093 Z=150.991), Max=(X=648.935 Y=1379.639 Z=167.537) RuntimeGrid:None EditorOnly:0 RuntimeOnly:0 HLODRelevant:1
 |   |   |- Guid:B0807E3D479500F794D8F8BEEA18CD5D BaseClass: NativeClass:/Script/Engine.StaticMeshActor Name:StaticMeshActor_UAID_244BFE5C2532CE6801_1081114258 Label:Cylinder44 SpatiallyLoaded:1 Bounds:IsValid=true, Min=(X=2351.804 Y=1922.546 Z=154.689), Max=(X=2528.350 Y=1936.207 Z=168.350) RuntimeGrid:None EditorOnly:0 RuntimeOnly:0 HLODRelevant:1
 |   |   |- Guid:B785ED2844B84CFB91E7F39FE661CD99 BaseClass: NativeClass:/Script/Engine.DirectionalLight Name:DirectionalLight_0 Label:DirectionalLight SpatiallyLoaded:0 Bounds:IsValid=true, Min=(X=-4398046511104.000 Y=-4398046511104.000 Z=-4398046511104.000), Max=(X=4398046511104.000 Y=4398046511104.000 Z=4398046511104.000) RuntimeGrid:None EditorOnly:0 RuntimeOnly:0 HLODRelevant:0
 |   |   |- Guid:BC08B79C4EA3C961CFF75EBBE83B367D BaseClass: NativeClass:/Script/Engine.StaticMeshActor Name:StaticMeshActor_5 Label:SM_Cube2 SpatiallyLoaded:1 Bounds:IsValid=true, Min=(X=-0.000 Y=0.000 Z=-33.221), Max=(X=3000.000 Y=100.000 Z=782.353) RuntimeGrid:None EditorOnly:0 RuntimeOnly:0 HLODRelevant:1
 |   |   |- Guid:C15C2C8D4EA4ADE0BD1349AFD814988B BaseClass: NativeClass:/Script/Engine.StaticMeshActor Name:StaticMeshActor_14 Label:SM_Ramp3 SpatiallyLoaded:1 Bounds:IsValid=true, Min=(X=190.000 Y=3220.000 Z=0.000), Max=(X=590.000 Y=3420.000 Z=200.000) RuntimeGrid:None EditorOnly:0 RuntimeOnly:0 HLODRelevant:1
 |   |   |- Guid:C1F5136E49A7356B955938BA013A7151 BaseClass: NativeClass:/Script/Engine.StaticMeshActor Name:StaticMeshActor_UAID_244BFE5C2532326701_1116755730 Label:Cylinder7 SpatiallyLoaded:1 Bounds:IsValid=true, Min=(X=1517.095 Y=1363.093 Z=150.991), Max=(X=1693.641 Y=1379.639 Z=167.537) RuntimeGrid:None EditorOnly:0 RuntimeOnly:0 HLODRelevant:1
 |   |   |- Guid:C3CAADA748E0B4D41530F48C398C0797 BaseClass: NativeClass:/Script/Engine.StaticMeshActor Name:StaticMeshActor_UAID_244BFE5C2532CE6801_1081116260 Label:Cylinder46 SpatiallyLoaded:1 Bounds:IsValid=true, Min=(X=2702.426 Y=1922.546 Z=154.689), Max=(X=2878.972 Y=1936.207 Z=168.350) RuntimeGrid:None EditorOnly:0 RuntimeOnly:0 HLODRelevant:1
 |   |   |- Guid:CCFF262C46EEFFDF319E7F9539CE697E BaseClass: NativeClass:/Script/Engine.SkyAtmosphere Name:SkyAtmosphere_0 Label:SkyAtmosphere SpatiallyLoaded:0 Bounds:IsValid=true, Min=(X=0.000 Y=0.000 Z=1020.000), Max=(X=0.000 Y=0.000 Z=1020.000) RuntimeGrid:None EditorOnly:0 RuntimeOnly:0 HLODRelevant:0
 |   |   |- Guid:D37876DF433598BD18139A9E8C6A7EF3 BaseClass: NativeClass:/Script/Engine.StaticMeshActor Name:StaticMeshActor_UAID_244BFE5C2532CD6801_2105326070 Label:Cylinder33 SpatiallyLoaded:1 Bounds:IsValid=true, Min=(X=58.483 Y=2490.177 Z=150.991), Max=(X=235.029 Y=2506.723 Z=167.537) RuntimeGrid:None EditorOnly:0 RuntimeOnly:0 HLODRelevant:1
 |   |   |- Guid:D78B3B3F42FC5468301C4DB0168EEF41 BaseClass: NativeClass:/Script/Engine.StaticMeshActor Name:StaticMeshActor_UAID_244BFE5C2532CD6801_2105325069 Label:Cylinder32 SpatiallyLoaded:1 Bounds:IsValid=true, Min=(X=755.758 Y=2490.177 Z=150.991), Max=(X=932.304 Y=2506.723 Z=167.537) RuntimeGrid:None EditorOnly:0 RuntimeOnly:0 HLODRelevant:1
 |   |   |- Guid:DA5B8CD840958B416F3866B2EF66767B BaseClass: NativeClass:/Script/Engine.StaticMeshActor Name:StaticMeshActor_UAID_244BFE5C2532326701_1163694739 Label:Cylinder16 SpatiallyLoaded:1 Bounds:IsValid=true, Min=(X=-49.118 Y=1363.093 Z=150.991), Max=(X=127.428 Y=1379.639 Z=167.537) RuntimeGrid:None EditorOnly:0 RuntimeOnly:0 HLODRelevant:1
 |   |   |- Guid:DC6D77F547FD301C7D0739AF42792EED BaseClass: NativeClass:/Script/Engine.StaticMeshActor Name:StaticMeshActor_UAID_244BFE5C2532CD6801_2105324068 Label:Cylinder31 SpatiallyLoaded:1 Bounds:IsValid=true, Min=(X=1277.140 Y=2490.177 Z=150.991), Max=(X=1453.686 Y=2506.723 Z=167.537) RuntimeGrid:None EditorOnly:0 RuntimeOnly:0 HLODRelevant:1
 |   |   |- Guid:DC78BF154578DFB77E2DFD807C8627EA BaseClass: NativeClass:/Script/Engine.StaticMeshActor Name:StaticMeshActor_UAID_244BFE5C2532CE6801_1297986272 Label:Cylinder23 SpatiallyLoaded:1 Bounds:IsValid=true, Min=(X=2643.563 Y=783.643 Z=150.991), Max=(X=2820.109 Y=800.190 Z=167.537) RuntimeGrid:None EditorOnly:0 RuntimeOnly:0 HLODRelevant:1
 |   |   |- Guid:DCB118AA42421B5E54EB258F37D042C2 BaseClass: NativeClass:/Script/Engine.StaticMeshActor Name:StaticMeshActor_UAID_244BFE5C2532CE6801_1081113256 Label:Cylinder42 SpatiallyLoaded:1 Bounds:IsValid=true, Min=(X=1305.539 Y=1922.546 Z=-11.645), Max=(X=1319.199 Y=1936.207 Z=164.901) RuntimeGrid:None EditorOnly:0 RuntimeOnly:0 HLODRelevant:1
 |   |   |- Guid:DE3A079B4635A6D8D620CCBC6C0BB1C0 BaseClass: NativeClass:/Script/Engine.StaticMeshActor Name:StaticMeshActor_35 Label:SM_QuarterCylinder14 SpatiallyLoaded:1 Bounds:IsValid=true, Min=(X=2781.949 Y=83.861 Z=-20.000), Max=(X=3063.715 Y=365.627 Z=230.000) RuntimeGrid:None EditorOnly:0 RuntimeOnly:0 HLODRelevant:1
 |   |   |- Guid:E31853DA43A2DCE1C53FA3A533115D9D BaseClass: NativeClass:/Script/Engine.StaticMeshActor Name:StaticMeshActor_UAID_244BFE5C2532CE6801_1297980266 Label:SM_Cube15 SpatiallyLoaded:1 Bounds:IsValid=true, Min=(X=1253.477 Y=790.589 Z=-40.000), Max=(X=2928.477 Y=793.739 Z=160.000) RuntimeGrid:None EditorOnly:0 RuntimeOnly:0 HLODRelevant:1
 |   |   |- Guid:E70828A94B73CDCF868EB6B7975BCDD8 BaseClass: NativeClass:/Script/Engine.StaticMeshActor Name:StaticMeshActor_UAID_B42E9937A9F3276701_2037501812 Label:Cylinder2 SpatiallyLoaded:1 Bounds:IsValid=true, Min=(X=4.019 Y=931.475 Z=517.816), Max=(X=367.671 Y=1127.962 Z=772.315) RuntimeGrid:None EditorOnly:0 RuntimeOnly:0 HLODRelevant:1
 |   |   |- Guid:E8A79217432248686ED8EAA37B161B22 BaseClass: NativeClass:/Script/Engine.StaticMeshActor Name:StaticMeshActor_UAID_244BFE5C2532326701_1156830737 Label:Cylinder14 SpatiallyLoaded:1 Bounds:IsValid=true, Min=(X=298.814 Y=1363.093 Z=150.991), Max=(X=475.360 Y=1379.639 Z=167.537) RuntimeGrid:None EditorOnly:0 RuntimeOnly:0 HLODRelevant:1
 |   |   |- Guid:EBF0BB144D7019D19DF5DE91CE8F8D5A BaseClass: NativeClass:/Script/Engine.StaticMeshActor Name:StaticMeshActor_UAID_244BFE5C2532CE6801_1081108251 Label:Cylinder38 SpatiallyLoaded:1 Bounds:IsValid=true, Min=(X=1482.766 Y=1922.546 Z=154.689), Max=(X=1659.312 Y=1936.207 Z=168.350) RuntimeGrid:None EditorOnly:0 RuntimeOnly:0 HLODRelevant:1
 |   |   |- Guid:EC4E0C944CE6AC6E784BC6BB2916EA13 BaseClass: NativeClass:/Script/Engine.StaticMeshActor Name:StaticMeshActor_UAID_A4AE111137DC5EFB00_1110535423 Label:SM_SkySphere SpatiallyLoaded:0 Bounds:IsValid=true, Min=(X=-2099958.190 Y=-1640370.000 Z=-2099958.190), Max=(X=2099958.190 Y=1636430.000 Z=2099958.190) RuntimeGrid:None EditorOnly:0 RuntimeOnly:0 HLODRelevant:1
 |   |   |- Guid:EDFA3A0A406A1AA2A5E3F58B93C310B6 BaseClass: NativeClass:/Script/Engine.StaticMeshActor Name:StaticMeshActor_UAID_244BFE5C2532336701_1851473926 Label:slide SpatiallyLoaded:1 Bounds:IsValid=true, Min=(X=-237.800 Y=-616.714 Z=444.228), Max=(X=-237.800 Y=-616.714 Z=444.228) RuntimeGrid:None EditorOnly:0 RuntimeOnly:0 HLODRelevant:0
 |   |   |- Guid:F1404C94480CED44E9B7479B52C69D91 BaseClass: NativeClass:/Script/Engine.StaticMeshActor Name:StaticMeshActor_UAID_244BFE5C2532CE6801_1297989274 Label:Cylinder25 SpatiallyLoaded:1 Bounds:IsValid=true, Min=(X=1773.340 Y=783.643 Z=150.991), Max=(X=1949.886 Y=800.190 Z=167.537) RuntimeGrid:None EditorOnly:0 RuntimeOnly:0 HLODRelevant:1
 |   |   |- Guid:F1924B8D48954B30891B2DB6A694F9CC BaseClass: NativeClass:/Script/Engine.StaticMeshActor Name:StaticMeshActor_1 Label:SM_Cube SpatiallyLoaded:1 Bounds:IsValid=true, Min=(X=0.000 Y=0.000 Z=-50.000), Max=(X=3000.000 Y=3500.000 Z=0.000) RuntimeGrid:None EditorOnly:0 RuntimeOnly:0 HLODRelevant:1
 |   |   |- Guid:F5E3FEB3450C49844FD93DA8E083C8AD BaseClass: NativeClass:/Script/Engine.PostProcessVolume Name:PostProcessVolume_0 Label:PostProcessVolume SpatiallyLoaded:0 Bounds:IsValid=true, Min=(X=0.000 Y=0.000 Z=400.000), Max=(X=200.000 Y=200.000 Z=600.000) RuntimeGrid:None EditorOnly:0 RuntimeOnly:0 HLODRelevant:0
 |   |   |- Guid:F645E1394C48B73CE05D5EA66837F4A8 BaseClass: NativeClass:/Script/Engine.StaticMeshActor Name:StaticMeshActor_UAID_244BFE5C2532326701_1160638738 Label:Cylinder15 SpatiallyLoaded:1 Bounds:IsValid=true, Min=(X=124.546 Y=1363.093 Z=150.991), Max=(X=301.092 Y=1379.639 Z=167.537) RuntimeGrid:None EditorOnly:0 RuntimeOnly:0 HLODRelevant:1
 |   |   |- Guid:F76C00EF4352C913528C349C44C96399 BaseClass: NativeClass:/Script/Engine.StaticMeshActor Name:StaticMeshActor_UAID_244BFE5C2532CE6801_1081115259 Label:Cylinder45 SpatiallyLoaded:1 Bounds:IsValid=true, Min=(X=1307.473 Y=1922.546 Z=154.689), Max=(X=1484.019 Y=1936.207 Z=168.350) RuntimeGrid:None EditorOnly:0 RuntimeOnly:0 HLODRelevant:1
 |   |   |- Guid:F885E6DC490D8D03D3EE95BA7F50F5B1 BaseClass:/Game/Blueprints/EndBox.EndBox_C NativeClass:/Script/Engine.Actor Name:EndBox_C_UAID_B42E9937A9F3246701_1662836274 Label:EndBox SpatiallyLoaded:1 Bounds:IsValid=true, Min=(X=108.000 Y=2764.000 Z=208.000), Max=(X=572.000 Y=3196.000 Z=272.000) RuntimeGrid:None EditorOnly:0 RuntimeOnly:0 HLODRelevant:0
 |   |   |- Guid:FF4F8B904221FD77207F74BB2D4B9A59 BaseClass: NativeClass:/Script/Engine.StaticMeshActor Name:StaticMeshActor_UAID_B42E9937A9F31F6701_1431687387 Label:SM_Cube11 SpatiallyLoaded:1 Bounds:IsValid=true, Min=(X=90.000 Y=3220.000 Z=0.000), Max=(X=190.000 Y=3420.000 Z=100.000) RuntimeGrid:None EditorOnly:0 RuntimeOnly:0 HLODRelevant:1
 |   |   |- Guid:FF698C67459ADB4982D7759C0905EE9F BaseClass: NativeClass:/Script/Engine.StaticMeshActor Name:StaticMeshActor_6 Label:SM_Cube3 SpatiallyLoaded:1 Bounds:IsValid=true, Min=(X=-0.000 Y=3400.000 Z=-33.221), Max=(X=3000.000 Y=3500.000 Z=782.353) RuntimeGrid:None EditorOnly:0 RuntimeOnly:0 HLODRelevant:1
 |   |- [+] Clusters:
 |   |   |- [+] [  0]
 |   |   |   |- Guid:1CE38BBA44510C443E654CA39E3157D5 BaseClass: NativeClass:/Script/Engine.WorldDataLayers Name:WorldDataLayers Label:WorldDataLayers SpatiallyLoaded:0 Bounds:IsValid=true, Min=(X=0.000 Y=0.000 Z=0.000), Max=(X=0.000 Y=0.000 Z=0.000) RuntimeGrid:None EditorOnly:0 RuntimeOnly:0 HLODRelevant:0
 |   |   |- [+] [  1]
 |   |   |   |- Guid:F76C00EF4352C913528C349C44C96399 BaseClass: NativeClass:/Script/Engine.StaticMeshActor Name:StaticMeshActor_UAID_244BFE5C2532CE6801_1081115259 Label:Cylinder45 SpatiallyLoaded:1 Bounds:IsValid=true, Min=(X=1307.473 Y=1922.546 Z=154.689), Max=(X=1484.019 Y=1936.207 Z=168.350) RuntimeGrid:None EditorOnly:0 RuntimeOnly:0 HLODRelevant:1
 |   |   |- [+] [  2]
 |   |   |   |- Guid:12E1A8B24DE9D39BDF65E298FD355A61 BaseClass: NativeClass:/Script/Engine.StaticMeshActor Name:StaticMeshActor_UAID_244BFE5C2532CD6801_2105322065 Label:SM_Cube14 SpatiallyLoaded:1 Bounds:IsValid=true, Min=(X=-49.817 Y=2496.628 Z=-40.000), Max=(X=1625.183 Y=2499.777 Z=160.000) RuntimeGrid:None EditorOnly:0 RuntimeOnly:0 HLODRelevant:1
 |   |   |- [+] [  3]
 |   |   |   |- Guid:7871A96D49077746C713FFA1C480B0B1 BaseClass: NativeClass:/Script/Engine.StaticMeshActor Name:StaticMeshActor_UAID_244BFE5C2532CE6801_1297982268 Label:Cylinder19 SpatiallyLoaded:1 Bounds:IsValid=true, Min=(X=2469.295 Y=783.643 Z=150.991), Max=(X=2645.841 Y=800.190 Z=167.537) RuntimeGrid:None EditorOnly:0 RuntimeOnly:0 HLODRelevant:1
 |   |   |- [+] [  4]
 |   |   |   |- Guid:F885E6DC490D8D03D3EE95BA7F50F5B1 BaseClass:/Game/Blueprints/EndBox.EndBox_C NativeClass:/Script/Engine.Actor Name:EndBox_C_UAID_B42E9937A9F3246701_1662836274 Label:EndBox SpatiallyLoaded:1 Bounds:IsValid=true, Min=(X=108.000 Y=2764.000 Z=208.000), Max=(X=572.000 Y=3196.000 Z=272.000) RuntimeGrid:None EditorOnly:0 RuntimeOnly:0 HLODRelevant:0
 |   |   |- [+] [  5]
 |   |   |   |- Guid:77F908D8457DA2A392ACDB8C0BBE59A8 BaseClass: NativeClass:/Script/Engine.StaticMeshActor Name:StaticMeshActor_UAID_244BFE5C2532CD6801_2105323066 Label:Cylinder29 SpatiallyLoaded:1 Bounds:IsValid=true, Min=(X=581.305 Y=2490.177 Z=150.991), Max=(X=757.851 Y=2506.723 Z=167.537) RuntimeGrid:None EditorOnly:0 RuntimeOnly:0 HLODRelevant:1
 |   |   |- [+] [  6]
 |   |   |   |- Guid:F5E3FEB3450C49844FD93DA8E083C8AD BaseClass: NativeClass:/Script/Engine.PostProcessVolume Name:PostProcessVolume_0 Label:PostProcessVolume SpatiallyLoaded:0 Bounds:IsValid=true, Min=(X=0.000 Y=0.000 Z=400.000), Max=(X=200.000 Y=200.000 Z=600.000) RuntimeGrid:None EditorOnly:0 RuntimeOnly:0 HLODRelevant:0
 |   |   |- [+] [  7]
 |   |   |   |- Guid:17E68ED44375A9B91D71BEA6400E0F7D BaseClass: NativeClass:/Script/Engine.StaticMeshActor Name:StaticMeshActor_UAID_244BFE5C2532CE6801_1297976263 Label:Cylinder17 SpatiallyLoaded:1 Bounds:IsValid=true, Min=(X=1600.115 Y=783.643 Z=150.991), Max=(X=1776.661 Y=800.190 Z=167.537) RuntimeGrid:None EditorOnly:0 RuntimeOnly:0 HLODRelevant:1
 |   |   |- [+] [  8]
 |   |   |   |- Guid:A31876214FD879E7F03BB6851B24A65D BaseClass: NativeClass:/Script/Engine.TriggerBox Name:TriggerBox_UAID_B42E9937A9F31F6701_1991581391 Label:TriggerBox SpatiallyLoaded:1 Bounds:IsValid=true, Min=(X=1392.500 Y=1653.750 Z=730.000), Max=(X=1587.500 Y=1806.250 Z=810.000) RuntimeGrid:None EditorOnly:0 RuntimeOnly:0 HLODRelevant:0
 |   |   |- [+] [  9]
 |   |   |   |- Guid:8E3BD1C34C23A4E521B189BDF1F244B4 BaseClass: NativeClass:/Script/Engine.StaticMeshActor Name:StaticMeshActor_UAID_244BFE5C2532326701_1136267732 Label:Cylinder9 SpatiallyLoaded:1 Bounds:IsValid=true, Min=(X=1167.995 Y=1363.093 Z=150.991), Max=(X=1344.541 Y=1379.639 Z=167.537) RuntimeGrid:None EditorOnly:0 RuntimeOnly:0 HLODRelevant:1
 |   |   |- [+] [ 10]
 |   |   |   |- Guid:EDFA3A0A406A1AA2A5E3F58B93C310B6 BaseClass: NativeClass:/Script/Engine.StaticMeshActor Name:StaticMeshActor_UAID_244BFE5C2532336701_1851473926 Label:slide SpatiallyLoaded:1 Bounds:IsValid=true, Min=(X=-237.800 Y=-616.714 Z=444.228), Max=(X=-237.800 Y=-616.714 Z=444.228) RuntimeGrid:None EditorOnly:0 RuntimeOnly:0 HLODRelevant:0
 |   |   |- [+] [ 11]
 |   |   |   |- Guid:5B97F4A64FB21F77EFC44386BF705B4C BaseClass: NativeClass:/Script/Engine.TextRenderActor Name:TextRenderActor_1 Label:TextRenderActor SpatiallyLoaded:1 Bounds:IsValid=true, Min=(X=-0.100 Y=1100.000 Z=65.013), Max=(X=-0.100 Y=2392.308 Z=215.013) RuntimeGrid:None EditorOnly:0 RuntimeOnly:0 HLODRelevant:0
 |   |   |- [+] [ 12]
 |   |   |   |- Guid:479CA5664CCE710E1AE5D89BC3193B30 BaseClass: NativeClass:/Script/Engine.StaticMeshActor Name:StaticMeshActor_UAID_244BFE5C2532CD6801_2105328072 Label:Cylinder35 SpatiallyLoaded:1 Bounds:IsValid=true, Min=(X=928.706 Y=2490.177 Z=150.991), Max=(X=1105.252 Y=2506.723 Z=167.537) RuntimeGrid:None EditorOnly:0 RuntimeOnly:0 HLODRelevant:1
 |   |   |- [+] [ 13]
 |   |   |   |- Guid:D78B3B3F42FC5468301C4DB0168EEF41 BaseClass: NativeClass:/Script/Engine.StaticMeshActor Name:StaticMeshActor_UAID_244BFE5C2532CD6801_2105325069 Label:Cylinder32 SpatiallyLoaded:1 Bounds:IsValid=true, Min=(X=755.758 Y=2490.177 Z=150.991), Max=(X=932.304 Y=2506.723 Z=167.537) RuntimeGrid:None EditorOnly:0 RuntimeOnly:0 HLODRelevant:1
 |   |   |- [+] [ 14]
 |   |   |   |- Guid:0444FB8A407257E8710C279F8EDAE461 BaseClass: NativeClass:/Script/Engine.BlockingVolume Name:BlockingVolume_UAID_244BFE5C25327A6801_1419491460 Label:BlockingVolume3 SpatiallyLoaded:1 Bounds:IsValid=true, Min=(X=3037.009 Y=-4278.082 Z=-230.646), Max=(X=6262.009 Y=7871.918 Z=1744.354) RuntimeGrid:None EditorOnly:0 RuntimeOnly:0 HLODRelevant:0
 |   |   |- [+] [ 15]
 |   |   |   |- Guid:60C812424623B7890D38C0B5058DC96E BaseClass: NativeClass:/Script/Engine.StaticMeshActor Name:StaticMeshActor_UAID_B42E9937A9F32B6701_1512167530 Label:Cylinder4 SpatiallyLoaded:1 Bounds:IsValid=true, Min=(X=531.062 Y=2951.062 Z=283.079), Max=(X=568.938 Y=2988.938 Z=308.079) RuntimeGrid:None EditorOnly:0 RuntimeOnly:0 HLODRelevant:1
 |   |   |- [+] [ 16]
 |   |   |   |- Guid:7A07B16C49E23D4C44558B98664D94B9 BaseClass: NativeClass:/Script/Engine.StaticMeshActor Name:StaticMeshActor_UAID_244BFE5C2532CE6801_1297990275 Label:Cylinder26 SpatiallyLoaded:1 Bounds:IsValid=true, Min=(X=2295.721 Y=783.643 Z=150.991), Max=(X=2472.267 Y=800.190 Z=167.537) RuntimeGrid:None EditorOnly:0 RuntimeOnly:0 HLODRelevant:1
 |   |   |- [+] [ 17]
 |   |   |   |- Guid:8DD607D446CB6A3B04D5029E3F9D7BD3 BaseClass: NativeClass:/Script/Engine.StaticMeshActor Name:StaticMeshActor_UAID_244BFE5C2532316701_1194964551 Label:Cylinder5 SpatiallyLoaded:1 Bounds:IsValid=true, Min=(X=1678.683 Y=1363.093 Z=-11.645), Max=(X=1695.230 Y=1379.639 Z=164.901) RuntimeGrid:None EditorOnly:0 RuntimeOnly:0 HLODRelevant:1
 |   |   |- [+] [ 18]
 |   |   |   |- Guid:7456D70745B8268264ACF584C673D384 BaseClass: NativeClass:/Script/Engine.StaticMeshActor Name:StaticMeshActor_UAID_244BFE5C2532CE6801_1081106250 Label:Cylinder37 SpatiallyLoaded:1 Bounds:IsValid=true, Min=(X=1656.386 Y=1922.546 Z=154.689), Max=(X=1832.932 Y=1936.207 Z=168.350) RuntimeGrid:None EditorOnly:0 RuntimeOnly:0 HLODRelevant:1
 |   |   |- [+] [ 19]
 |   |   |   |- Guid:4D3BE93F4146AAAC8BBE79999D96D57F BaseClass: NativeClass:/Script/Engine.VolumetricCloud Name:VolumetricCloud_0 Label:VolumetricCloud SpatiallyLoaded:0 Bounds:IsValid=true, Min=(X=0.000 Y=0.000 Z=820.000), Max=(X=0.000 Y=0.000 Z=820.000) RuntimeGrid:None EditorOnly:0 RuntimeOnly:0 HLODRelevant:0
 |   |   |- [+] [ 20]
 |   |   |   |- Guid:1A789DC8415097E9856E5DB60740F01D BaseClass: NativeClass:/Script/Engine.StaticMeshActor Name:StaticMeshActor_34 Label:SM_QuarterCylinder13 SpatiallyLoaded:1 Bounds:IsValid=true, Min=(X=2628.740 Y=-44.697 Z=-20.000), Max=(X=2910.506 Y=237.070 Z=230.000) RuntimeGrid:None EditorOnly:0 RuntimeOnly:0 HLODRelevant:1
 |   |   |- [+] [ 21]
 |   |   |   |- Guid:2C3AB2704FEB671BFE68C89A2712ECD3 BaseClass: NativeClass:/Script/Engine.StaticMeshActor Name:StaticMeshActor_UAID_B42E9937A9F3296701_1133873170 Label:SM_Cube13 SpatiallyLoaded:1 Bounds:IsValid=true, Min=(X=16.178 Y=1369.544 Z=-40.000), Max=(X=1691.178 Y=1372.693 Z=160.000) RuntimeGrid:None EditorOnly:0 RuntimeOnly:0 HLODRelevant:1
 |   |   |- [+] [ 22]
 |   |   |   |- Guid:68A6182F42E2CA2E928226960CB21A42 BaseClass: NativeClass:/Script/Engine.StaticMeshActor Name:StaticMeshActor_UAID_B42E9937A9F32B6701_1481568529 Label:Cylinder3 SpatiallyLoaded:1 Bounds:IsValid=true, Min=(X=525.000 Y=2945.000 Z=277.500), Max=(X=575.000 Y=2995.000 Z=302.500) RuntimeGrid:None EditorOnly:0 RuntimeOnly:0 HLODRelevant:1
 |   |   |- [+] [ 23]
 |   |   |   |- Guid:B0807E3D479500F794D8F8BEEA18CD5D BaseClass: NativeClass:/Script/Engine.StaticMeshActor Name:StaticMeshActor_UAID_244BFE5C2532CE6801_1081114258 Label:Cylinder44 SpatiallyLoaded:1 Bounds:IsValid=true, Min=(X=2351.804 Y=1922.546 Z=154.689), Max=(X=2528.350 Y=1936.207 Z=168.350) RuntimeGrid:None EditorOnly:0 RuntimeOnly:0 HLODRelevant:1
 |   |   |- [+] [ 24]
 |   |   |   |- Guid:442A5E764C367A4E967B79A93F199770 BaseClass: NativeClass:/Script/Engine.BlockingVolume Name:BlockingVolume_UAID_244BFE5C25327A6801_1361162457 Label:BlockingVolume SpatiallyLoaded:1 Bounds:IsValid=true, Min=(X=-107.987 Y=-4326.257 Z=-230.646), Max=(X=3117.013 Y=-1.257 Z=1744.354) RuntimeGrid:None EditorOnly:0 RuntimeOnly:0 HLODRelevant:0
 |   |   |- [+] [ 25]
 |   |   |   |- Guid:AB74120142217676C6EC818E6B49412B BaseClass: NativeClass:/Script/Engine.StaticMeshActor Name:StaticMeshActor_15 Label:SM_Cube10 SpatiallyLoaded:1 Bounds:IsValid=true, Min=(X=90.000 Y=3220.000 Z=100.000), Max=(X=190.000 Y=3420.000 Z=200.000) RuntimeGrid:None EditorOnly:0 RuntimeOnly:0 HLODRelevant:1
 |   |   |- [+] [ 26]
 |   |   |   |- Guid:0C680C0D46F32E51687ADEB2FA0A0ACA BaseClass: NativeClass:/Script/Engine.StaticMeshActor Name:StaticMeshActor_UAID_244BFE5C2532326701_1148639735 Label:Cylinder12 SpatiallyLoaded:1 Bounds:IsValid=true, Min=(X=647.368 Y=1363.093 Z=150.991), Max=(X=823.914 Y=1379.639 Z=167.537) RuntimeGrid:None EditorOnly:0 RuntimeOnly:0 HLODRelevant:1
 |   |   |- [+] [ 27]
 |   |   |   |- Guid:CCFF262C46EEFFDF319E7F9539CE697E BaseClass: NativeClass:/Script/Engine.SkyAtmosphere Name:SkyAtmosphere_0 Label:SkyAtmosphere SpatiallyLoaded:0 Bounds:IsValid=true, Min=(X=0.000 Y=0.000 Z=1020.000), Max=(X=0.000 Y=0.000 Z=1020.000) RuntimeGrid:None EditorOnly:0 RuntimeOnly:0 HLODRelevant:0
 |   |   |- [+] [ 28]
 |   |   |   |- Guid:EC4E0C944CE6AC6E784BC6BB2916EA13 BaseClass: NativeClass:/Script/Engine.StaticMeshActor Name:StaticMeshActor_UAID_A4AE111137DC5EFB00_1110535423 Label:SM_SkySphere SpatiallyLoaded:0 Bounds:IsValid=true, Min=(X=-2099958.190 Y=-1640370.000 Z=-2099958.190), Max=(X=2099958.190 Y=1636430.000 Z=2099958.190) RuntimeGrid:None EditorOnly:0 RuntimeOnly:0 HLODRelevant:1
 |   |   |- [+] [ 29]
 |   |   |   |- Guid:5FA70CA64C6CBB22B4125F860DF8BD47 BaseClass: NativeClass:/Script/Engine.StaticMeshActor Name:StaticMeshActor_UAID_244BFE5C2532CE6801_1081110253 Label:Cylinder40 SpatiallyLoaded:1 Bounds:IsValid=true, Min=(X=2526.895 Y=1922.546 Z=154.689), Max=(X=2703.441 Y=1936.207 Z=168.350) RuntimeGrid:None EditorOnly:0 RuntimeOnly:0 HLODRelevant:1
 |   |   |- [+] [ 30]
 |   |   |   |- Guid:E8A79217432248686ED8EAA37B161B22 BaseClass: NativeClass:/Script/Engine.StaticMeshActor Name:StaticMeshActor_UAID_244BFE5C2532326701_1156830737 Label:Cylinder14 SpatiallyLoaded:1 Bounds:IsValid=true, Min=(X=298.814 Y=1363.093 Z=150.991), Max=(X=475.360 Y=1379.639 Z=167.537) RuntimeGrid:None EditorOnly:0 RuntimeOnly:0 HLODRelevant:1
 |   |   |- [+] [ 31]
 |   |   |   |- Guid:C15C2C8D4EA4ADE0BD1349AFD814988B BaseClass: NativeClass:/Script/Engine.StaticMeshActor Name:StaticMeshActor_14 Label:SM_Ramp3 SpatiallyLoaded:1 Bounds:IsValid=true, Min=(X=190.000 Y=3220.000 Z=0.000), Max=(X=590.000 Y=3420.000 Z=200.000) RuntimeGrid:None EditorOnly:0 RuntimeOnly:0 HLODRelevant:1
 |   |   |- [+] [ 32]
 |   |   |   |- Guid:AB54F3F54BC012EC1194508F774FC368 BaseClass: NativeClass:/Script/Engine.StaticMeshActor Name:StaticMeshActor_UAID_244BFE5C2532CE6801_1081111254 Label:SM_Cube19 SpatiallyLoaded:1 Bounds:IsValid=true, Min=(X=1308.148 Y=1928.049 Z=-40.000), Max=(X=2983.148 Y=1931.199 Z=160.000) RuntimeGrid:None EditorOnly:0 RuntimeOnly:0 HLODRelevant:1
 |   |   |- [+] [ 33]
 |   |   |   |- Guid:43815E84492231AFC407F59E3C28176B BaseClass: NativeClass:/Script/Engine.StaticMeshActor Name:StaticMeshActor_4 Label:SM_Cube6 SpatiallyLoaded:1 Bounds:IsValid=true, Min=(X=2900.000 Y=100.000 Z=-33.221), Max=(X=3000.000 Y=3400.000 Z=782.353) RuntimeGrid:None EditorOnly:0 RuntimeOnly:0 HLODRelevant:1
 |   |   |- [+] [ 34]
 |   |   |   |- Guid:9120EFFC424A5E758D23CA9A0C6D9AB7 BaseClass: NativeClass:/Script/Engine.StaticMeshActor Name:StaticMeshActor_UAID_B42E9937A9F31F6701_1463884388 Label:SM_Cube12 SpatiallyLoaded:1 Bounds:IsValid=true, Min=(X=90.000 Y=2520.000 Z=100.000), Max=(X=190.000 Y=2720.000 Z=200.000) RuntimeGrid:None EditorOnly:0 RuntimeOnly:0 HLODRelevant:1
 |   |   |- [+] [ 35]
 |   |   |   |- Guid:DC78BF154578DFB77E2DFD807C8627EA BaseClass: NativeClass:/Script/Engine.StaticMeshActor Name:StaticMeshActor_UAID_244BFE5C2532CE6801_1297986272 Label:Cylinder23 SpatiallyLoaded:1 Bounds:IsValid=true, Min=(X=2643.563 Y=783.643 Z=150.991), Max=(X=2820.109 Y=800.190 Z=167.537) RuntimeGrid:None EditorOnly:0 RuntimeOnly:0 HLODRelevant:1
 |   |   |- [+] [ 36]
 |   |   |   |- Guid:B785ED2844B84CFB91E7F39FE661CD99 BaseClass: NativeClass:/Script/Engine.DirectionalLight Name:DirectionalLight_0 Label:DirectionalLight SpatiallyLoaded:0 Bounds:IsValid=true, Min=(X=-4398046511104.000 Y=-4398046511104.000 Z=-4398046511104.000), Max=(X=4398046511104.000 Y=4398046511104.000 Z=4398046511104.000) RuntimeGrid:None EditorOnly:0 RuntimeOnly:0 HLODRelevant:0
 |   |   |- [+] [ 37]
 |   |   |   |- Guid:E70828A94B73CDCF868EB6B7975BCDD8 BaseClass: NativeClass:/Script/Engine.StaticMeshActor Name:StaticMeshActor_UAID_B42E9937A9F3276701_2037501812 Label:Cylinder2 SpatiallyLoaded:1 Bounds:IsValid=true, Min=(X=4.019 Y=931.475 Z=517.816), Max=(X=367.671 Y=1127.962 Z=772.315) RuntimeGrid:None EditorOnly:0 RuntimeOnly:0 HLODRelevant:1
 |   |   |- [+] [ 38]
 |   |   |   |- Guid:289D97994A8B680547D6FEABD51E22A5 BaseClass: NativeClass:/Script/Engine.BlockingVolume Name:BlockingVolume_UAID_244BFE5C25327A6801_1424134461 Label:BlockingVolume4 SpatiallyLoaded:1 Bounds:IsValid=true, Min=(X=-3228.023 Y=-4278.082 Z=-230.646), Max=(X=-3.023 Y=7871.918 Z=1744.354) RuntimeGrid:None EditorOnly:0 RuntimeOnly:0 HLODRelevant:0
 |   |   |- [+] [ 39]
 |   |   |   |- Guid:5E4DB4154690C8B4EB14EAA9E92FAAFF BaseClass: NativeClass:/Script/Engine.StaticMeshActor Name:StaticMeshActor_33 Label:SM_QuarterCylinder12 SpatiallyLoaded:1 Bounds:IsValid=true, Min=(X=2500.183 Y=108.512 Z=-20.000), Max=(X=2781.949 Y=390.279 Z=230.000) RuntimeGrid:None EditorOnly:0 RuntimeOnly:0 HLODRelevant:1
 |   |   |- [+] [ 40]
 |   |   |   |- Guid:316CF2A6494ACA4C0E4180A87D36AB8F BaseClass: NativeClass:/Script/Engine.ExponentialHeightFog Name:ExponentialHeightFog_0 Label:ExponentialHeightFog SpatiallyLoaded:0 Bounds:IsValid=true, Min=(X=-5600.000 Y=-50.000 Z=-6850.000), Max=(X=-5600.000 Y=-50.000 Z=-6850.000) RuntimeGrid:None EditorOnly:0 RuntimeOnly:0 HLODRelevant:0
 |   |   |- [+] [ 41]
 |   |   |   |- Guid:2D9DF2BB4234327DFB423EBF7371E930 BaseClass: NativeClass:/Script/Engine.StaticMeshActor Name:StaticMeshActor_UAID_244BFE5C2532CE6801_1297981267 Label:Cylinder18 SpatiallyLoaded:1 Bounds:IsValid=true, Min=(X=2120.742 Y=783.643 Z=150.991), Max=(X=2297.288 Y=800.190 Z=167.537) RuntimeGrid:None EditorOnly:0 RuntimeOnly:0 HLODRelevant:1
 |   |   |- [+] [ 42]
 |   |   |   |- Guid:DE3A079B4635A6D8D620CCBC6C0BB1C0 BaseClass: NativeClass:/Script/Engine.StaticMeshActor Name:StaticMeshActor_35 Label:SM_QuarterCylinder14 SpatiallyLoaded:1 Bounds:IsValid=true, Min=(X=2781.949 Y=83.861 Z=-20.000), Max=(X=3063.715 Y=365.627 Z=230.000) RuntimeGrid:None EditorOnly:0 RuntimeOnly:0 HLODRelevant:1
 |   |   |- [+] [ 43]
 |   |   |   |- Guid:DC6D77F547FD301C7D0739AF42792EED BaseClass: NativeClass:/Script/Engine.StaticMeshActor Name:StaticMeshActor_UAID_244BFE5C2532CD6801_2105324068 Label:Cylinder31 SpatiallyLoaded:1 Bounds:IsValid=true, Min=(X=1277.140 Y=2490.177 Z=150.991), Max=(X=1453.686 Y=2506.723 Z=167.537) RuntimeGrid:None EditorOnly:0 RuntimeOnly:0 HLODRelevant:1
 |   |   |- [+] [ 44]
 |   |   |   |- Guid:F1924B8D48954B30891B2DB6A694F9CC BaseClass: NativeClass:/Script/Engine.StaticMeshActor Name:StaticMeshActor_1 Label:SM_Cube SpatiallyLoaded:1 Bounds:IsValid=true, Min=(X=0.000 Y=0.000 Z=-50.000), Max=(X=3000.000 Y=3500.000 Z=0.000) RuntimeGrid:None EditorOnly:0 RuntimeOnly:0 HLODRelevant:1
 |   |   |- [+] [ 45]
 |   |   |   |- Guid:17029C9742EFEB9C6972589C5656112B BaseClass:/Game/Blueprints/CubeBlueprint.CubeBlueprint_C NativeClass:/Script/Engine.Actor Name:CubeBlueprint_C_UAID_B42E9937A9F3296701_1397018172 Label:CubeBlueprint SpatiallyLoaded:1 Bounds:IsValid=true, Min=(X=518.000 Y=2938.000 Z=186.000), Max=(X=582.000 Y=3002.000 Z=314.000) RuntimeGrid:None EditorOnly:0 RuntimeOnly:0 HLODRelevant:0
 |   |   |- [+] [ 46]
 |   |   |   |- Guid:0118990348236C4D17C6719BD6F6F2AC BaseClass: NativeClass:/Script/Engine.RectLight Name:RectLight_UAID_244BFE5C2532D36801_1491170160 Label:RectLight2 SpatiallyLoaded:1 Bounds:IsValid=true, Min=(X=1903.291 Y=1069.510 Z=-367.772), Max=(X=3903.291 Y=3069.510 Z=1632.228) RuntimeGrid:None EditorOnly:0 RuntimeOnly:0 HLODRelevant:0
 |   |   |- [+] [ 47]
 |   |   |   |- Guid:69CAB99140D3664DB07EBB91ED30A5E8 BaseClass: NativeClass:/Script/Engine.StaticMeshActor Name:StaticMeshActor_UAID_244BFE5C2532326701_1132030731 Label:Cylinder8 SpatiallyLoaded:1 Bounds:IsValid=true, Min=(X=1343.135 Y=1363.093 Z=150.991), Max=(X=1519.681 Y=1379.639 Z=167.537) RuntimeGrid:None EditorOnly:0 RuntimeOnly:0 HLODRelevant:1
 |   |   |- [+] [ 48]
 |   |   |   |- Guid:27C8409147697F6193A636A68E0BD74B BaseClass: NativeClass:/Script/Engine.StaticMeshActor Name:StaticMeshActor_UAID_244BFE5C2532CE6801_1297984270 Label:Cylinder21 SpatiallyLoaded:1 Bounds:IsValid=true, Min=(X=2817.228 Y=783.643 Z=150.991), Max=(X=2993.774 Y=800.190 Z=167.537) RuntimeGrid:None EditorOnly:0 RuntimeOnly:0 HLODRelevant:1
 |   |   |- [+] [ 49]
 |   |   |   |- Guid:EBF0BB144D7019D19DF5DE91CE8F8D5A BaseClass: NativeClass:/Script/Engine.StaticMeshActor Name:StaticMeshActor_UAID_244BFE5C2532CE6801_1081108251 Label:Cylinder38 SpatiallyLoaded:1 Bounds:IsValid=true, Min=(X=1482.766 Y=1922.546 Z=154.689), Max=(X=1659.312 Y=1936.207 Z=168.350) RuntimeGrid:None EditorOnly:0 RuntimeOnly:0 HLODRelevant:1
 |   |   |- [+] [ 50]
 |   |   |   |- Guid:46FC885E439356782D8610B1F2BA80DD BaseClass: NativeClass:/Script/Engine.StaticMeshActor Name:StaticMeshActor_UAID_B42E9937A9F3286701_2084162992 Label:Plane2 SpatiallyLoaded:1 Bounds:IsValid=true, Min=(X=25.316 Y=967.500 Z=542.101), Max=(X=333.068 Y=1092.500 Z=596.366) RuntimeGrid:None EditorOnly:0 RuntimeOnly:0 HLODRelevant:1
 |   |   |- [+] [ 51]
 |   |   |   |- Guid:DCB118AA42421B5E54EB258F37D042C2 BaseClass: NativeClass:/Script/Engine.StaticMeshActor Name:StaticMeshActor_UAID_244BFE5C2532CE6801_1081113256 Label:Cylinder42 SpatiallyLoaded:1 Bounds:IsValid=true, Min=(X=1305.539 Y=1922.546 Z=-11.645), Max=(X=1319.199 Y=1936.207 Z=164.901) RuntimeGrid:None EditorOnly:0 RuntimeOnly:0 HLODRelevant:1
 |   |   |- [+] [ 52]
 |   |   |   |- Guid:0EF5CEF94E2B006E5FB19A8B7EC60ABD BaseClass: NativeClass:/Script/Engine.StaticMeshActor Name:StaticMeshActor_UAID_244BFE5C2532CD6801_2105321064 Label:Cylinder28 SpatiallyLoaded:1 Bounds:IsValid=true, Min=(X=1612.689 Y=2490.177 Z=-11.645), Max=(X=1629.235 Y=2506.723 Z=164.901) RuntimeGrid:None EditorOnly:0 RuntimeOnly:0 HLODRelevant:1
 |   |   |- [+] [ 53]
 |   |   |   |- Guid:7BB8B44C40C7298CB3C83CBC9A255036 BaseClass: NativeClass:/Script/Engine.StaticMeshActor Name:StaticMeshActor_UAID_244BFE5C2532CE6801_1081109252 Label:Cylinder39 SpatiallyLoaded:1 Bounds:IsValid=true, Min=(X=2003.559 Y=1922.546 Z=154.689), Max=(X=2180.105 Y=1936.207 Z=168.350) RuntimeGrid:None EditorOnly:0 RuntimeOnly:0 HLODRelevant:1
 |   |   |- [+] [ 54]
 |   |   |   |- Guid:E31853DA43A2DCE1C53FA3A533115D9D BaseClass: NativeClass:/Script/Engine.StaticMeshActor Name:StaticMeshActor_UAID_244BFE5C2532CE6801_1297980266 Label:SM_Cube15 SpatiallyLoaded:1 Bounds:IsValid=true, Min=(X=1253.477 Y=790.589 Z=-40.000), Max=(X=2928.477 Y=793.739 Z=160.000) RuntimeGrid:None EditorOnly:0 RuntimeOnly:0 HLODRelevant:1
 |   |   |- [+] [ 55]
 |   |   |   |- Guid:9963D20540F7294069E29A9C5082EA4C BaseClass: NativeClass:/Script/Engine.StaticMeshActor Name:StaticMeshActor_UAID_244BFE5C2532CE6801_1297987273 Label:Cylinder24 SpatiallyLoaded:1 Bounds:IsValid=true, Min=(X=1251.015 Y=783.643 Z=150.991), Max=(X=1427.561 Y=800.190 Z=167.537) RuntimeGrid:None EditorOnly:0 RuntimeOnly:0 HLODRelevant:1
 |   |   |- [+] [ 56]
 |   |   |   |- Guid:DA5B8CD840958B416F3866B2EF66767B BaseClass: NativeClass:/Script/Engine.StaticMeshActor Name:StaticMeshActor_UAID_244BFE5C2532326701_1163694739 Label:Cylinder16 SpatiallyLoaded:1 Bounds:IsValid=true, Min=(X=-49.118 Y=1363.093 Z=150.991), Max=(X=127.428 Y=1379.639 Z=167.537) RuntimeGrid:None EditorOnly:0 RuntimeOnly:0 HLODRelevant:1
 |   |   |- [+] [ 57]
 |   |   |   |- Guid:226D57894EF7374D25945E8DF47F41A7 BaseClass: NativeClass:/Script/Engine.StaticMeshActor Name:StaticMeshActor_UAID_244BFE5C2532CE6801_1297983269 Label:Cylinder20 SpatiallyLoaded:1 Bounds:IsValid=true, Min=(X=1424.975 Y=783.643 Z=150.991), Max=(X=1601.521 Y=800.190 Z=167.537) RuntimeGrid:None EditorOnly:0 RuntimeOnly:0 HLODRelevant:1
 |   |   |- [+] [ 58]
 |   |   |   |- Guid:4B4D372340E033A1F38511BC626369CB BaseClass: NativeClass:/Script/Engine.StaticMeshActor Name:StaticMeshActor_UAID_244BFE5C2532CD6801_2105329073 Label:Cylinder36 SpatiallyLoaded:1 Bounds:IsValid=true, Min=(X=406.326 Y=2490.177 Z=150.991), Max=(X=582.872 Y=2506.723 Z=167.537) RuntimeGrid:None EditorOnly:0 RuntimeOnly:0 HLODRelevant:1
 |   |   |- [+] [ 59]
 |   |   |   |- Guid:2FB58999456391D349DC0F86DAC136ED BaseClass: NativeClass:/Script/Engine.SkyLight Name:SkyLight_1 Label:SkyLight SpatiallyLoaded:0 Bounds:IsValid=true, Min=(X=0.000 Y=0.000 Z=690.000), Max=(X=0.000 Y=0.000 Z=690.000) RuntimeGrid:None EditorOnly:0 RuntimeOnly:0 HLODRelevant:0
 |   |   |- [+] [ 60]
 |   |   |   |- Guid:3215618947BB2157168832B6CBD9B9B2 BaseClass: NativeClass:/Script/Engine.StaticMeshActor Name:StaticMeshActor_UAID_B42E9937A9F3276701_2022270811 Label:Cylinder SpatiallyLoaded:1 Bounds:IsValid=true, Min=(X=2699.042 Y=1969.387 Z=541.228), Max=(X=3034.452 Y=2150.614 Z=775.962) RuntimeGrid:None EditorOnly:0 RuntimeOnly:0 HLODRelevant:1
 |   |   |- [+] [ 61]
 |   |   |   |- Guid:C3CAADA748E0B4D41530F48C398C0797 BaseClass: NativeClass:/Script/Engine.StaticMeshActor Name:StaticMeshActor_UAID_244BFE5C2532CE6801_1081116260 Label:Cylinder46 SpatiallyLoaded:1 Bounds:IsValid=true, Min=(X=2702.426 Y=1922.546 Z=154.689), Max=(X=2878.972 Y=1936.207 Z=168.350) RuntimeGrid:None EditorOnly:0 RuntimeOnly:0 HLODRelevant:1
 |   |   |- [+] [ 62]
 |   |   |   |- Guid:40C877DD44BD4ED005F007A8DB221598 BaseClass: NativeClass:/Script/Engine.StaticMeshActor Name:StaticMeshActor_UAID_B42E9937A9F3286701_2038951991 Label:Plane SpatiallyLoaded:1 Bounds:IsValid=true, Min=(X=2739.984 Y=1997.500 Z=568.499), Max=(X=2887.705 Y=2122.500 Z=594.546) RuntimeGrid:None EditorOnly:0 RuntimeOnly:0 HLODRelevant:1
 |   |   |- [+] [ 63]
 |   |   |   |- Guid:1EB6ECAF4740FF415B4D63BFD557467B BaseClass: NativeClass:/Script/Engine.StaticMeshActor Name:StaticMeshActor_UAID_244BFE5C2532CE6801_1081112255 Label:Cylinder41 SpatiallyLoaded:1 Bounds:IsValid=true, Min=(X=2876.750 Y=1922.546 Z=154.689), Max=(X=3053.296 Y=1936.207 Z=168.350) RuntimeGrid:None EditorOnly:0 RuntimeOnly:0 HLODRelevant:1
 |   |   |- [+] [ 64]
 |   |   |   |- Guid:961864A84FF6F65B68F2A3BE5819D538 BaseClass: NativeClass:/Script/Engine.StaticMeshActor Name:StaticMeshActor_8 Label:SM_Cube4 SpatiallyLoaded:1 Bounds:IsValid=true, Min=(X=90.000 Y=2720.000 Z=-154.774), Max=(X=590.000 Y=3220.000 Z=202.593) RuntimeGrid:None EditorOnly:0 RuntimeOnly:0 HLODRelevant:1
 |   |   |- [+] [ 65]
 |   |   |   |- Guid:FF4F8B904221FD77207F74BB2D4B9A59 BaseClass: NativeClass:/Script/Engine.StaticMeshActor Name:StaticMeshActor_UAID_B42E9937A9F31F6701_1431687387 Label:SM_Cube11 SpatiallyLoaded:1 Bounds:IsValid=true, Min=(X=90.000 Y=3220.000 Z=0.000), Max=(X=190.000 Y=3420.000 Z=100.000) RuntimeGrid:None EditorOnly:0 RuntimeOnly:0 HLODRelevant:1
 |   |   |- [+] [ 66]
 |   |   |   |- Guid:A56216954B2165CF0F35A886B537D536 BaseClass: NativeClass:/Script/Engine.StaticMeshActor Name:StaticMeshActor_0 Label:SM_Cube5 SpatiallyLoaded:1 Bounds:IsValid=true, Min=(X=-0.000 Y=100.000 Z=-33.221), Max=(X=100.000 Y=3400.000 Z=782.353) RuntimeGrid:None EditorOnly:0 RuntimeOnly:0 HLODRelevant:1
 |   |   |- [+] [ 67]
 |   |   |   |- Guid:8332C80641E9BF68265B709858DB5CAA BaseClass: NativeClass:/Script/Engine.StaticMeshActor Name:StaticMeshActor_UAID_244BFE5C2532D36801_1440241157 Label:SM_Cube7 SpatiallyLoaded:1 Bounds:IsValid=true, Min=(X=0.000 Y=-0.000 Z=775.229), Max=(X=3000.000 Y=3500.000 Z=825.229) RuntimeGrid:None EditorOnly:0 RuntimeOnly:0 HLODRelevant:1
 |   |   |- [+] [ 68]
 |   |   |   |- Guid:55C5E01D4E8CD043266A46BA721C9C31 BaseClass: NativeClass:/Script/Engine.StaticMeshActor Name:StaticMeshActor_UAID_B42E9937A9F31F6701_1463886390 Label:SM_Cube13 SpatiallyLoaded:1 Bounds:IsValid=true, Min=(X=90.000 Y=2520.000 Z=0.000), Max=(X=190.000 Y=2720.000 Z=100.000) RuntimeGrid:None EditorOnly:0 RuntimeOnly:0 HLODRelevant:1
 |   |   |- [+] [ 69]
 |   |   |   |- Guid:94F6D9A645798F5BAD0B58BEED8F27F5 BaseClass: NativeClass:/Script/Engine.StaticMeshActor Name:StaticMeshActor_32 Label:SM_QuarterCylinder11 SpatiallyLoaded:1 Bounds:IsValid=true, Min=(X=2653.391 Y=237.070 Z=-20.000), Max=(X=2935.158 Y=518.836 Z=230.000) RuntimeGrid:None EditorOnly:0 RuntimeOnly:0 HLODRelevant:1
 |   |   |- [+] [ 70]
 |   |   |   |- Guid:02D95A55417E1C9A2BC030B063FC8965 BaseClass: NativeClass:/Script/Engine.BlockingVolume Name:BlockingVolume_UAID_244BFE5C25327A6801_1413665459 Label:BlockingVolume2 SpatiallyLoaded:1 Bounds:IsValid=true, Min=(X=-107.987 Y=3503.262 Z=-230.646), Max=(X=3117.013 Y=7828.262 Z=1744.354) RuntimeGrid:None EditorOnly:0 RuntimeOnly:0 HLODRelevant:0
 |   |   |- [+] [ 71]
 |   |   |   |- Guid:490CF1A5452C64CE910305B39BDDC602 BaseClass: NativeClass:/Script/Engine.StaticMeshActor Name:StaticMeshActor_UAID_244BFE5C2532CE6801_1297979265 Label:Cylinder6 SpatiallyLoaded:1 Bounds:IsValid=true, Min=(X=1249.426 Y=783.643 Z=-11.645), Max=(X=1265.972 Y=800.190 Z=164.901) RuntimeGrid:None EditorOnly:0 RuntimeOnly:0 HLODRelevant:1
 |   |   |- [+] [ 72]
 |   |   |   |- Guid:5276F58E460723583DFA17861FF4CFF5 BaseClass: NativeClass:/Script/Engine.StaticMeshActor Name:StaticMeshActor_UAID_244BFE5C2532326701_1145198734 Label:Cylinder11 SpatiallyLoaded:1 Bounds:IsValid=true, Min=(X=821.821 Y=1363.093 Z=150.991), Max=(X=998.367 Y=1379.639 Z=167.537) RuntimeGrid:None EditorOnly:0 RuntimeOnly:0 HLODRelevant:1
 |   |   |- [+] [ 73]
 |   |   |   |- Guid:6530B0874F57B010823A639C41BD0261 BaseClass: NativeClass:/Script/Engine.StaticMeshActor Name:StaticMeshActor_UAID_244BFE5C2532CD6801_2105319063 Label:Cylinder27 SpatiallyLoaded:1 Bounds:IsValid=true, Min=(X=1102.000 Y=2490.177 Z=150.991), Max=(X=1278.546 Y=2506.723 Z=167.537) RuntimeGrid:None EditorOnly:0 RuntimeOnly:0 HLODRelevant:1
 |   |   |- [+] [ 74]
 |   |   |   |- Guid:F645E1394C48B73CE05D5EA66837F4A8 BaseClass: NativeClass:/Script/Engine.StaticMeshActor Name:StaticMeshActor_UAID_244BFE5C2532326701_1160638738 Label:Cylinder15 SpatiallyLoaded:1 Bounds:IsValid=true, Min=(X=124.546 Y=1363.093 Z=150.991), Max=(X=301.092 Y=1379.639 Z=167.537) RuntimeGrid:None EditorOnly:0 RuntimeOnly:0 HLODRelevant:1
 |   |   |- [+] [ 75]
 |   |   |   |- Guid:F1404C94480CED44E9B7479B52C69D91 BaseClass: NativeClass:/Script/Engine.StaticMeshActor Name:StaticMeshActor_UAID_244BFE5C2532CE6801_1297989274 Label:Cylinder25 SpatiallyLoaded:1 Bounds:IsValid=true, Min=(X=1773.340 Y=783.643 Z=150.991), Max=(X=1949.886 Y=800.190 Z=167.537) RuntimeGrid:None EditorOnly:0 RuntimeOnly:0 HLODRelevant:1
 |   |   |- [+] [ 76]
 |   |   |   |- Guid:9CEE70354BF588D3FA5791A40EEB57CA BaseClass: NativeClass:/Script/Engine.StaticMeshActor Name:StaticMeshActor_UAID_244BFE5C2532CE6801_1081117261 Label:Cylinder47 SpatiallyLoaded:1 Bounds:IsValid=true, Min=(X=2177.404 Y=1922.546 Z=154.689), Max=(X=2353.950 Y=1936.207 Z=168.350) RuntimeGrid:None EditorOnly:0 RuntimeOnly:0 HLODRelevant:1
 |   |   |- [+] [ 77]
 |   |   |   |- Guid:188F9A99407509D25D1B6BA337870E51 BaseClass: NativeClass:/Script/Engine.RectLight Name:RectLight_UAID_244BFE5C2532D36801_1480679159 Label:RectLight SpatiallyLoaded:1 Bounds:IsValid=true, Min=(X=-941.709 Y=93.102 Z=-350.411), Max=(X=1058.291 Y=2093.102 Z=1649.589) RuntimeGrid:None EditorOnly:0 RuntimeOnly:0 HLODRelevant:0
 |   |   |- [+] [ 78]
 |   |   |   |- Guid:52546E3D46EA18EF8A686D9AA27A907B BaseClass: NativeClass:/Script/Engine.PointLight Name:PointLight_UAID_244BFE5C2532D36801_1515322161 Label:PointLight SpatiallyLoaded:1 Bounds:IsValid=true, Min=(X=-1169.851 Y=-1617.193 Z=-2002.181), Max=(X=4121.046 Y=3673.704 Z=3288.716) RuntimeGrid:None EditorOnly:0 RuntimeOnly:0 HLODRelevant:0
 |   |   |- [+] [ 79]
 |   |   |   |- Guid:BC08B79C4EA3C961CFF75EBBE83B367D BaseClass: NativeClass:/Script/Engine.StaticMeshActor Name:StaticMeshActor_5 Label:SM_Cube2 SpatiallyLoaded:1 Bounds:IsValid=true, Min=(X=-0.000 Y=0.000 Z=-33.221), Max=(X=3000.000 Y=100.000 Z=782.353) RuntimeGrid:None EditorOnly:0 RuntimeOnly:0 HLODRelevant:1
 |   |   |- [+] [ 80]
 |   |   |   |- Guid:3E60C36242F3BA43A4B977955E537582 BaseClass: NativeClass:/Script/Engine.StaticMeshActor Name:StaticMeshActor_UAID_244BFE5C2532CD6801_2105324067 Label:Cylinder30 SpatiallyLoaded:1 Bounds:IsValid=true, Min=(X=232.751 Y=2490.177 Z=150.991), Max=(X=409.297 Y=2506.723 Z=167.537) RuntimeGrid:None EditorOnly:0 RuntimeOnly:0 HLODRelevant:1
 |   |   |- [+] [ 81]
 |   |   |   |- Guid:FF698C67459ADB4982D7759C0905EE9F BaseClass: NativeClass:/Script/Engine.StaticMeshActor Name:StaticMeshActor_6 Label:SM_Cube3 SpatiallyLoaded:1 Bounds:IsValid=true, Min=(X=-0.000 Y=3400.000 Z=-33.221), Max=(X=3000.000 Y=3500.000 Z=782.353) RuntimeGrid:None EditorOnly:0 RuntimeOnly:0 HLODRelevant:1
 |   |   |- [+] [ 82]
 |   |   |   |- Guid:3A00AA1C422CE54C0BDB60BAF471BFBB BaseClass: NativeClass:/Script/Engine.PlayerStart Name:PlayerStart_0 Label:PlayerStart SpatiallyLoaded:0 Bounds:IsValid=true, Min=(X=2743.647 Y=143.647 Z=240.013), Max=(X=2856.353 Y=256.353 Z=424.013) RuntimeGrid:None EditorOnly:0 RuntimeOnly:0 HLODRelevant:0
 |   |   |- [+] [ 83]
 |   |   |   |- Guid:C1F5136E49A7356B955938BA013A7151 BaseClass: NativeClass:/Script/Engine.StaticMeshActor Name:StaticMeshActor_UAID_244BFE5C2532326701_1116755730 Label:Cylinder7 SpatiallyLoaded:1 Bounds:IsValid=true, Min=(X=1517.095 Y=1363.093 Z=150.991), Max=(X=1693.641 Y=1379.639 Z=167.537) RuntimeGrid:None EditorOnly:0 RuntimeOnly:0 HLODRelevant:1
 |   |   |- [+] [ 84]
 |   |   |   |- Guid:020A07F741677C6A674C058B6BA19043 BaseClass: NativeClass:/Script/Engine.PointLight Name:PointLight_UAID_B42E9937A9F3E16801_1841598583 Label:PointLight2 SpatiallyLoaded:1 Bounds:IsValid=true, Min=(X=-1169.851 Y=-296.938 Z=-2002.181), Max=(X=4121.046 Y=4993.959 Z=3288.716) RuntimeGrid:None EditorOnly:0 RuntimeOnly:0 HLODRelevant:0
 |   |   |- [+] [ 85]
 |   |   |   |- Guid:AD5F5600426FAB42A5032CA3245AC111 BaseClass: NativeClass:/Script/Engine.StaticMeshActor Name:StaticMeshActor_UAID_244BFE5C2532CE6801_1297985271 Label:Cylinder22 SpatiallyLoaded:1 Bounds:IsValid=true, Min=(X=1946.288 Y=783.643 Z=150.991), Max=(X=2122.834 Y=800.190 Z=167.537) RuntimeGrid:None EditorOnly:0 RuntimeOnly:0 HLODRelevant:1
 |   |   |- [+] [ 86]
 |   |   |   |- Guid:2A92B5A0482578663E869191EA9F9F6A BaseClass: NativeClass:/Script/Engine.StaticMeshActor Name:StaticMeshActor_UAID_B42E9937A9F31F6701_1463886389 Label:SM_Ramp4 SpatiallyLoaded:1 Bounds:IsValid=true, Min=(X=190.000 Y=2520.000 Z=0.000), Max=(X=590.000 Y=2720.000 Z=200.000) RuntimeGrid:None EditorOnly:0 RuntimeOnly:0 HLODRelevant:1
 |   |   |- [+] [ 87]
 |   |   |   |- Guid:1512B66C47049568AD1998929E7D0870 BaseClass: NativeClass:/Script/Engine.StaticMeshActor Name:StaticMeshActor_UAID_244BFE5C2532326701_1140694733 Label:Cylinder10 SpatiallyLoaded:1 Bounds:IsValid=true, Min=(X=994.770 Y=1363.093 Z=150.991), Max=(X=1171.316 Y=1379.639 Z=167.537) RuntimeGrid:None EditorOnly:0 RuntimeOnly:0 HLODRelevant:1
 |   |   |- [+] [ 88]
 |   |   |   |- Guid:25ABF18845AEE69BF4894CA087616EAA BaseClass: NativeClass:/Script/Engine.StaticMeshActor Name:StaticMeshActor_UAID_244BFE5C2532CE6801_1081114257 Label:Cylinder43 SpatiallyLoaded:1 Bounds:IsValid=true, Min=(X=1828.998 Y=1922.546 Z=154.689), Max=(X=2005.544 Y=1936.207 Z=168.350) RuntimeGrid:None EditorOnly:0 RuntimeOnly:0 HLODRelevant:1
 |   |   |- [+] [ 89]
 |   |   |   |- Guid:AFC2DF7A4FC59C65083ACEB929ED5DD3 BaseClass: NativeClass:/Script/Engine.StaticMeshActor Name:StaticMeshActor_UAID_244BFE5C2532326701_1152462736 Label:Cylinder13 SpatiallyLoaded:1 Bounds:IsValid=true, Min=(X=472.389 Y=1363.093 Z=150.991), Max=(X=648.935 Y=1379.639 Z=167.537) RuntimeGrid:None EditorOnly:0 RuntimeOnly:0 HLODRelevant:1
 |   |   |- [+] [ 90]
 |   |   |   |- Guid:3B55D8C041D6993F183822A223670867 BaseClass: NativeClass:/Script/Engine.StaticMeshActor Name:StaticMeshActor_UAID_244BFE5C2532CD6801_2105327071 Label:Cylinder34 SpatiallyLoaded:1 Bounds:IsValid=true, Min=(X=1451.100 Y=2490.177 Z=150.991), Max=(X=1627.646 Y=2506.723 Z=167.537) RuntimeGrid:None EditorOnly:0 RuntimeOnly:0 HLODRelevant:1
 |   |   |- [+] [ 91]
 |   |   |   |- Guid:D37876DF433598BD18139A9E8C6A7EF3 BaseClass: NativeClass:/Script/Engine.StaticMeshActor Name:StaticMeshActor_UAID_244BFE5C2532CD6801_2105326070 Label:Cylinder33 SpatiallyLoaded:1 Bounds:IsValid=true, Min=(X=58.483 Y=2490.177 Z=150.991), Max=(X=235.029 Y=2506.723 Z=167.537) RuntimeGrid:None EditorOnly:0 RuntimeOnly:0 HLODRelevant:1
 |- ContainerInstances:
 |- [+] MainContainer:
 |   |-        ID: 0x0000000000000000
 |   |-    Bounds: IsValid=false, Min=(X=0.000 Y=0.000 Z=0.000), Max=(X=0.000 Y=0.000 Z=0.000)
 |   |- Transform: 0.000000,0.000000,0.000000|0.000000,0.000000,-0.000000|1.000000,1.000000,1.000000
 |   |- Container: /Game/ThirdPerson/Maps/ThirdPersonMap
----------------------------------------------------------------------------------------------------------------
ThirdPersonMap - Persistent Level
----------------------------------------------------------------------------------------------------------------
Always loaded Actor Count: 98 

----------------------------------------------------------------------------------------------------------------
ThirdPersonMap - Runtime Spatial Hash - Streaming Grid - MainGrid
----------------------------------------------------------------------------------------------------------------
            Origin: X=0.000 Y=0.000 Z=0.000
         Cell Size: 12800
      World Bounds: IsValid=false, Min=(X=0.000 Y=0.000 Z=0.000), Max=(X=0.000 Y=0.000 Z=0.000)
     Loading Range: 25600.00
Block Slow Loading: No
 ClientOnlyVisible: No

[+] Grid Levels: 1
 |- Level  0: Cell Count    0 | Cell Size   12800 | Actor Count    0 (0.0%)

[+] Content of Grid Level 0

